0 info it worked if it ends with ok
1 verbose cli [ '/usr/bin/node', '/usr/bin/npm', 'install' ]
2 info using npm@1.4.28
3 info using node@v0.10.37
4 verbose node symlink /usr/bin/node
5 verbose readDependencies using package.json deps
6 verbose install where, deps [ '/home/eygle/workspace/INeedU/web',
6 verbose install   [ 'express',
6 verbose install     'mongoose',
6 verbose install     'body-parser',
6 verbose install     'karma',
6 verbose install     'karma-chrome-launcher',
6 verbose install     'karma-firefox-launcher',
6 verbose install     'karma-jasmine',
6 verbose install     'protractor',
6 verbose install     'http-server',
6 verbose install     'tmp',
6 verbose install     'bower',
6 verbose install     'shelljs' ] ]
7 info preinstall ineedu@0.0.0
8 verbose readDependencies using package.json deps
9 verbose cache add [ 'express@~4.0.0', null ]
10 verbose cache add name=undefined spec="express@~4.0.0" args=["express@~4.0.0",null]
11 verbose parsed url { protocol: null,
11 verbose parsed url   slashes: null,
11 verbose parsed url   auth: null,
11 verbose parsed url   host: null,
11 verbose parsed url   port: null,
11 verbose parsed url   hostname: null,
11 verbose parsed url   hash: null,
11 verbose parsed url   search: null,
11 verbose parsed url   query: null,
11 verbose parsed url   pathname: 'express@~4.0.0',
11 verbose parsed url   path: 'express@~4.0.0',
11 verbose parsed url   href: 'express@~4.0.0' }
12 verbose cache add [ 'mongoose@~3.6.13', null ]
13 verbose cache add name=undefined spec="mongoose@~3.6.13" args=["mongoose@~3.6.13",null]
14 verbose parsed url { protocol: null,
14 verbose parsed url   slashes: null,
14 verbose parsed url   auth: null,
14 verbose parsed url   host: null,
14 verbose parsed url   port: null,
14 verbose parsed url   hostname: null,
14 verbose parsed url   hash: null,
14 verbose parsed url   search: null,
14 verbose parsed url   query: null,
14 verbose parsed url   pathname: 'mongoose@~3.6.13',
14 verbose parsed url   path: 'mongoose@~3.6.13',
14 verbose parsed url   href: 'mongoose@~3.6.13' }
15 verbose cache add [ 'body-parser@~1.0.1', null ]
16 verbose cache add name=undefined spec="body-parser@~1.0.1" args=["body-parser@~1.0.1",null]
17 verbose parsed url { protocol: null,
17 verbose parsed url   slashes: null,
17 verbose parsed url   auth: null,
17 verbose parsed url   host: null,
17 verbose parsed url   port: null,
17 verbose parsed url   hostname: null,
17 verbose parsed url   hash: null,
17 verbose parsed url   search: null,
17 verbose parsed url   query: null,
17 verbose parsed url   pathname: 'body-parser@~1.0.1',
17 verbose parsed url   path: 'body-parser@~1.0.1',
17 verbose parsed url   href: 'body-parser@~1.0.1' }
18 verbose cache add [ 'karma@^0.12.16', null ]
19 verbose cache add name=undefined spec="karma@^0.12.16" args=["karma@^0.12.16",null]
20 verbose parsed url { protocol: null,
20 verbose parsed url   slashes: null,
20 verbose parsed url   auth: null,
20 verbose parsed url   host: null,
20 verbose parsed url   port: null,
20 verbose parsed url   hostname: null,
20 verbose parsed url   hash: null,
20 verbose parsed url   search: null,
20 verbose parsed url   query: null,
20 verbose parsed url   pathname: 'karma@^0.12.16',
20 verbose parsed url   path: 'karma@^0.12.16',
20 verbose parsed url   href: 'karma@^0.12.16' }
21 verbose cache add name="express" spec="~4.0.0" args=["express","~4.0.0"]
22 verbose parsed url { protocol: null,
22 verbose parsed url   slashes: null,
22 verbose parsed url   auth: null,
22 verbose parsed url   host: null,
22 verbose parsed url   port: null,
22 verbose parsed url   hostname: null,
22 verbose parsed url   hash: null,
22 verbose parsed url   search: null,
22 verbose parsed url   query: null,
22 verbose parsed url   pathname: '~4.0.0',
22 verbose parsed url   path: '~4.0.0',
22 verbose parsed url   href: '~4.0.0' }
23 verbose addNamed [ 'express', '~4.0.0' ]
24 verbose addNamed [ null, '>=4.0.0-0 <4.1.0-0' ]
25 verbose cache add name="mongoose" spec="~3.6.13" args=["mongoose","~3.6.13"]
26 verbose parsed url { protocol: null,
26 verbose parsed url   slashes: null,
26 verbose parsed url   auth: null,
26 verbose parsed url   host: null,
26 verbose parsed url   port: null,
26 verbose parsed url   hostname: null,
26 verbose parsed url   hash: null,
26 verbose parsed url   search: null,
26 verbose parsed url   query: null,
26 verbose parsed url   pathname: '~3.6.13',
26 verbose parsed url   path: '~3.6.13',
26 verbose parsed url   href: '~3.6.13' }
27 verbose addNamed [ 'mongoose', '~3.6.13' ]
28 verbose addNamed [ null, '>=3.6.13-0 <3.7.0-0' ]
29 verbose cache add name="body-parser" spec="~1.0.1" args=["body-parser","~1.0.1"]
30 verbose parsed url { protocol: null,
30 verbose parsed url   slashes: null,
30 verbose parsed url   auth: null,
30 verbose parsed url   host: null,
30 verbose parsed url   port: null,
30 verbose parsed url   hostname: null,
30 verbose parsed url   hash: null,
30 verbose parsed url   search: null,
30 verbose parsed url   query: null,
30 verbose parsed url   pathname: '~1.0.1',
30 verbose parsed url   path: '~1.0.1',
30 verbose parsed url   href: '~1.0.1' }
31 verbose addNamed [ 'body-parser', '~1.0.1' ]
32 verbose addNamed [ null, '>=1.0.1-0 <1.1.0-0' ]
33 verbose cache add [ 'karma-chrome-launcher@^0.1.4', null ]
34 verbose cache add name=undefined spec="karma-chrome-launcher@^0.1.4" args=["karma-chrome-launcher@^0.1.4",null]
35 verbose parsed url { protocol: null,
35 verbose parsed url   slashes: null,
35 verbose parsed url   auth: null,
35 verbose parsed url   host: null,
35 verbose parsed url   port: null,
35 verbose parsed url   hostname: null,
35 verbose parsed url   hash: null,
35 verbose parsed url   search: null,
35 verbose parsed url   query: null,
35 verbose parsed url   pathname: 'karma-chrome-launcher@^0.1.4',
35 verbose parsed url   path: 'karma-chrome-launcher@^0.1.4',
35 verbose parsed url   href: 'karma-chrome-launcher@^0.1.4' }
36 verbose cache add [ 'karma-firefox-launcher@^0.1.3', null ]
37 verbose cache add name=undefined spec="karma-firefox-launcher@^0.1.3" args=["karma-firefox-launcher@^0.1.3",null]
38 verbose parsed url { protocol: null,
38 verbose parsed url   slashes: null,
38 verbose parsed url   auth: null,
38 verbose parsed url   host: null,
38 verbose parsed url   port: null,
38 verbose parsed url   hostname: null,
38 verbose parsed url   hash: null,
38 verbose parsed url   search: null,
38 verbose parsed url   query: null,
38 verbose parsed url   pathname: 'karma-firefox-launcher@^0.1.3',
38 verbose parsed url   path: 'karma-firefox-launcher@^0.1.3',
38 verbose parsed url   href: 'karma-firefox-launcher@^0.1.3' }
39 verbose cache add [ 'karma-jasmine@~0.1.0', null ]
40 verbose cache add name=undefined spec="karma-jasmine@~0.1.0" args=["karma-jasmine@~0.1.0",null]
41 verbose parsed url { protocol: null,
41 verbose parsed url   slashes: null,
41 verbose parsed url   auth: null,
41 verbose parsed url   host: null,
41 verbose parsed url   port: null,
41 verbose parsed url   hostname: null,
41 verbose parsed url   hash: null,
41 verbose parsed url   search: null,
41 verbose parsed url   query: null,
41 verbose parsed url   pathname: 'karma-jasmine@~0.1.0',
41 verbose parsed url   path: 'karma-jasmine@~0.1.0',
41 verbose parsed url   href: 'karma-jasmine@~0.1.0' }
42 verbose cache add name="karma" spec="^0.12.16" args=["karma","^0.12.16"]
43 verbose parsed url { protocol: null,
43 verbose parsed url   slashes: null,
43 verbose parsed url   auth: null,
43 verbose parsed url   host: null,
43 verbose parsed url   port: null,
43 verbose parsed url   hostname: null,
43 verbose parsed url   hash: null,
43 verbose parsed url   search: null,
43 verbose parsed url   query: null,
43 verbose parsed url   pathname: '^0.12.16',
43 verbose parsed url   path: '^0.12.16',
43 verbose parsed url   href: '^0.12.16' }
44 verbose addNamed [ 'karma', '^0.12.16' ]
45 verbose addNamed [ null, '>=0.12.16-0 <0.13.0-0' ]
46 silly lockFile 9dcfb469-express-4-0-0 express@~4.0.0
47 verbose lock express@~4.0.0 /home/eygle/.npm/9dcfb469-express-4-0-0.lock
48 silly lockFile 146b604b-mongoose-3-6-13 mongoose@~3.6.13
49 verbose lock mongoose@~3.6.13 /home/eygle/.npm/146b604b-mongoose-3-6-13.lock
50 silly lockFile ed7f1d4f-body-parser-1-0-1 body-parser@~1.0.1
51 verbose lock body-parser@~1.0.1 /home/eygle/.npm/ed7f1d4f-body-parser-1-0-1.lock
52 silly lockFile 544376fe-karma-0-12-16 karma@^0.12.16
53 verbose lock karma@^0.12.16 /home/eygle/.npm/544376fe-karma-0-12-16.lock
54 verbose cache add name="karma-chrome-launcher" spec="^0.1.4" args=["karma-chrome-launcher","^0.1.4"]
55 verbose parsed url { protocol: null,
55 verbose parsed url   slashes: null,
55 verbose parsed url   auth: null,
55 verbose parsed url   host: null,
55 verbose parsed url   port: null,
55 verbose parsed url   hostname: null,
55 verbose parsed url   hash: null,
55 verbose parsed url   search: null,
55 verbose parsed url   query: null,
55 verbose parsed url   pathname: '^0.1.4',
55 verbose parsed url   path: '^0.1.4',
55 verbose parsed url   href: '^0.1.4' }
56 verbose addNamed [ 'karma-chrome-launcher', '^0.1.4' ]
57 verbose addNamed [ null, '>=0.1.4-0 <0.2.0-0' ]
58 silly lockFile cd7d8138-karma-chrome-launcher-0-1-4 karma-chrome-launcher@^0.1.4
59 verbose lock karma-chrome-launcher@^0.1.4 /home/eygle/.npm/cd7d8138-karma-chrome-launcher-0-1-4.lock
60 verbose cache add name="karma-firefox-launcher" spec="^0.1.3" args=["karma-firefox-launcher","^0.1.3"]
61 verbose parsed url { protocol: null,
61 verbose parsed url   slashes: null,
61 verbose parsed url   auth: null,
61 verbose parsed url   host: null,
61 verbose parsed url   port: null,
61 verbose parsed url   hostname: null,
61 verbose parsed url   hash: null,
61 verbose parsed url   search: null,
61 verbose parsed url   query: null,
61 verbose parsed url   pathname: '^0.1.3',
61 verbose parsed url   path: '^0.1.3',
61 verbose parsed url   href: '^0.1.3' }
62 verbose addNamed [ 'karma-firefox-launcher', '^0.1.3' ]
63 verbose addNamed [ null, '>=0.1.3-0 <0.2.0-0' ]
64 silly lockFile d6cf90b9-karma-firefox-launcher-0-1-3 karma-firefox-launcher@^0.1.3
65 verbose lock karma-firefox-launcher@^0.1.3 /home/eygle/.npm/d6cf90b9-karma-firefox-launcher-0-1-3.lock
66 verbose cache add [ 'protractor@^2.1.0', null ]
67 verbose cache add name=undefined spec="protractor@^2.1.0" args=["protractor@^2.1.0",null]
68 verbose parsed url { protocol: null,
68 verbose parsed url   slashes: null,
68 verbose parsed url   auth: null,
68 verbose parsed url   host: null,
68 verbose parsed url   port: null,
68 verbose parsed url   hostname: null,
68 verbose parsed url   hash: null,
68 verbose parsed url   search: null,
68 verbose parsed url   query: null,
68 verbose parsed url   pathname: 'protractor@^2.1.0',
68 verbose parsed url   path: 'protractor@^2.1.0',
68 verbose parsed url   href: 'protractor@^2.1.0' }
69 verbose cache add [ 'http-server@^0.6.1', null ]
70 verbose cache add name=undefined spec="http-server@^0.6.1" args=["http-server@^0.6.1",null]
71 verbose parsed url { protocol: null,
71 verbose parsed url   slashes: null,
71 verbose parsed url   auth: null,
71 verbose parsed url   host: null,
71 verbose parsed url   port: null,
71 verbose parsed url   hostname: null,
71 verbose parsed url   hash: null,
71 verbose parsed url   search: null,
71 verbose parsed url   query: null,
71 verbose parsed url   pathname: 'http-server@^0.6.1',
71 verbose parsed url   path: 'http-server@^0.6.1',
71 verbose parsed url   href: 'http-server@^0.6.1' }
72 verbose cache add [ 'tmp@0.0.23', null ]
73 verbose cache add name=undefined spec="tmp@0.0.23" args=["tmp@0.0.23",null]
74 verbose parsed url { protocol: null,
74 verbose parsed url   slashes: null,
74 verbose parsed url   auth: null,
74 verbose parsed url   host: null,
74 verbose parsed url   port: null,
74 verbose parsed url   hostname: null,
74 verbose parsed url   hash: null,
74 verbose parsed url   search: null,
74 verbose parsed url   query: null,
74 verbose parsed url   pathname: 'tmp@0.0.23',
74 verbose parsed url   path: 'tmp@0.0.23',
74 verbose parsed url   href: 'tmp@0.0.23' }
75 verbose cache add name="karma-jasmine" spec="~0.1.0" args=["karma-jasmine","~0.1.0"]
76 verbose parsed url { protocol: null,
76 verbose parsed url   slashes: null,
76 verbose parsed url   auth: null,
76 verbose parsed url   host: null,
76 verbose parsed url   port: null,
76 verbose parsed url   hostname: null,
76 verbose parsed url   hash: null,
76 verbose parsed url   search: null,
76 verbose parsed url   query: null,
76 verbose parsed url   pathname: '~0.1.0',
76 verbose parsed url   path: '~0.1.0',
76 verbose parsed url   href: '~0.1.0' }
77 verbose addNamed [ 'karma-jasmine', '~0.1.0' ]
78 verbose addNamed [ null, '>=0.1.0-0 <0.2.0-0' ]
79 silly lockFile 880f350b-karma-jasmine-0-1-0 karma-jasmine@~0.1.0
80 verbose lock karma-jasmine@~0.1.0 /home/eygle/.npm/880f350b-karma-jasmine-0-1-0.lock
81 verbose cache add name="protractor" spec="^2.1.0" args=["protractor","^2.1.0"]
82 verbose parsed url { protocol: null,
82 verbose parsed url   slashes: null,
82 verbose parsed url   auth: null,
82 verbose parsed url   host: null,
82 verbose parsed url   port: null,
82 verbose parsed url   hostname: null,
82 verbose parsed url   hash: null,
82 verbose parsed url   search: null,
82 verbose parsed url   query: null,
82 verbose parsed url   pathname: '^2.1.0',
82 verbose parsed url   path: '^2.1.0',
82 verbose parsed url   href: '^2.1.0' }
83 verbose addNamed [ 'protractor', '^2.1.0' ]
84 verbose addNamed [ null, '>=2.1.0-0 <3.0.0-0' ]
85 silly lockFile 1d3f6f46-protractor-2-1-0 protractor@^2.1.0
86 verbose lock protractor@^2.1.0 /home/eygle/.npm/1d3f6f46-protractor-2-1-0.lock
87 verbose cache add name="http-server" spec="^0.6.1" args=["http-server","^0.6.1"]
88 verbose parsed url { protocol: null,
88 verbose parsed url   slashes: null,
88 verbose parsed url   auth: null,
88 verbose parsed url   host: null,
88 verbose parsed url   port: null,
88 verbose parsed url   hostname: null,
88 verbose parsed url   hash: null,
88 verbose parsed url   search: null,
88 verbose parsed url   query: null,
88 verbose parsed url   pathname: '^0.6.1',
88 verbose parsed url   path: '^0.6.1',
88 verbose parsed url   href: '^0.6.1' }
89 verbose addNamed [ 'http-server', '^0.6.1' ]
90 verbose addNamed [ null, '>=0.6.1-0 <0.7.0-0' ]
91 silly lockFile e7eeaefd-http-server-0-6-1 http-server@^0.6.1
92 verbose lock http-server@^0.6.1 /home/eygle/.npm/e7eeaefd-http-server-0-6-1.lock
93 verbose cache add [ 'bower@^1.3.1', null ]
94 verbose cache add name=undefined spec="bower@^1.3.1" args=["bower@^1.3.1",null]
95 verbose parsed url { protocol: null,
95 verbose parsed url   slashes: null,
95 verbose parsed url   auth: null,
95 verbose parsed url   host: null,
95 verbose parsed url   port: null,
95 verbose parsed url   hostname: null,
95 verbose parsed url   hash: null,
95 verbose parsed url   search: null,
95 verbose parsed url   query: null,
95 verbose parsed url   pathname: 'bower@^1.3.1',
95 verbose parsed url   path: 'bower@^1.3.1',
95 verbose parsed url   href: 'bower@^1.3.1' }
96 verbose cache add [ 'shelljs@^0.2.6', null ]
97 verbose cache add name=undefined spec="shelljs@^0.2.6" args=["shelljs@^0.2.6",null]
98 verbose parsed url { protocol: null,
98 verbose parsed url   slashes: null,
98 verbose parsed url   auth: null,
98 verbose parsed url   host: null,
98 verbose parsed url   port: null,
98 verbose parsed url   hostname: null,
98 verbose parsed url   hash: null,
98 verbose parsed url   search: null,
98 verbose parsed url   query: null,
98 verbose parsed url   pathname: 'shelljs@^0.2.6',
98 verbose parsed url   path: 'shelljs@^0.2.6',
98 verbose parsed url   href: 'shelljs@^0.2.6' }
99 verbose cache add name="tmp" spec="0.0.23" args=["tmp","0.0.23"]
100 verbose parsed url { protocol: null,
100 verbose parsed url   slashes: null,
100 verbose parsed url   auth: null,
100 verbose parsed url   host: null,
100 verbose parsed url   port: null,
100 verbose parsed url   hostname: null,
100 verbose parsed url   hash: null,
100 verbose parsed url   search: null,
100 verbose parsed url   query: null,
100 verbose parsed url   pathname: '0.0.23',
100 verbose parsed url   path: '0.0.23',
100 verbose parsed url   href: '0.0.23' }
101 verbose addNamed [ 'tmp', '0.0.23' ]
102 verbose addNamed [ '0.0.23', '0.0.23' ]
103 silly lockFile f7638ceb-tmp-0-0-23 tmp@0.0.23
104 verbose lock tmp@0.0.23 /home/eygle/.npm/f7638ceb-tmp-0-0-23.lock
105 silly addNameRange { name: 'express', range: '>=4.0.0-0 <4.1.0-0', hasData: false }
106 silly addNameRange { name: 'mongoose',
106 silly addNameRange   range: '>=3.6.13-0 <3.7.0-0',
106 silly addNameRange   hasData: false }
107 silly addNameRange { name: 'body-parser',
107 silly addNameRange   range: '>=1.0.1-0 <1.1.0-0',
107 silly addNameRange   hasData: false }
108 silly addNameRange { name: 'karma-chrome-launcher',
108 silly addNameRange   range: '>=0.1.4-0 <0.2.0-0',
108 silly addNameRange   hasData: false }
109 silly addNameRange { name: 'karma-firefox-launcher',
109 silly addNameRange   range: '>=0.1.3-0 <0.2.0-0',
109 silly addNameRange   hasData: false }
110 silly addNameRange { name: 'karma', range: '>=0.12.16-0 <0.13.0-0', hasData: false }
111 verbose cache add name="bower" spec="^1.3.1" args=["bower","^1.3.1"]
112 verbose parsed url { protocol: null,
112 verbose parsed url   slashes: null,
112 verbose parsed url   auth: null,
112 verbose parsed url   host: null,
112 verbose parsed url   port: null,
112 verbose parsed url   hostname: null,
112 verbose parsed url   hash: null,
112 verbose parsed url   search: null,
112 verbose parsed url   query: null,
112 verbose parsed url   pathname: '^1.3.1',
112 verbose parsed url   path: '^1.3.1',
112 verbose parsed url   href: '^1.3.1' }
113 verbose addNamed [ 'bower', '^1.3.1' ]
114 verbose addNamed [ null, '>=1.3.1-0 <2.0.0-0' ]
115 silly lockFile 7c83895e-bower-1-3-1 bower@^1.3.1
116 verbose lock bower@^1.3.1 /home/eygle/.npm/7c83895e-bower-1-3-1.lock
117 verbose cache add name="shelljs" spec="^0.2.6" args=["shelljs","^0.2.6"]
118 verbose parsed url { protocol: null,
118 verbose parsed url   slashes: null,
118 verbose parsed url   auth: null,
118 verbose parsed url   host: null,
118 verbose parsed url   port: null,
118 verbose parsed url   hostname: null,
118 verbose parsed url   hash: null,
118 verbose parsed url   search: null,
118 verbose parsed url   query: null,
118 verbose parsed url   pathname: '^0.2.6',
118 verbose parsed url   path: '^0.2.6',
118 verbose parsed url   href: '^0.2.6' }
119 verbose addNamed [ 'shelljs', '^0.2.6' ]
120 verbose addNamed [ null, '>=0.2.6-0 <0.3.0-0' ]
121 silly lockFile cdaabbbd-shelljs-0-2-6 shelljs@^0.2.6
122 verbose lock shelljs@^0.2.6 /home/eygle/.npm/cdaabbbd-shelljs-0-2-6.lock
123 silly addNameRange { name: 'karma-jasmine',
123 silly addNameRange   range: '>=0.1.0-0 <0.2.0-0',
123 silly addNameRange   hasData: false }
124 silly addNameRange { name: 'protractor',
124 silly addNameRange   range: '>=2.1.0-0 <3.0.0-0',
124 silly addNameRange   hasData: false }
125 silly addNameRange { name: 'http-server',
125 silly addNameRange   range: '>=0.6.1-0 <0.7.0-0',
125 silly addNameRange   hasData: false }
126 silly addNameRange { name: 'bower', range: '>=1.3.1-0 <2.0.0-0', hasData: false }
127 silly addNameRange { name: 'shelljs', range: '>=0.2.6-0 <0.3.0-0', hasData: false }
128 verbose request where is /karma-chrome-launcher
129 verbose request registry https://registry.npmjs.org/
130 verbose request id adc329f3221ad0ef
131 verbose url raw /karma-chrome-launcher
132 verbose url resolving [ 'https://registry.npmjs.org/', './karma-chrome-launcher' ]
133 verbose url resolved https://registry.npmjs.org/karma-chrome-launcher
134 verbose request where is https://registry.npmjs.org/karma-chrome-launcher
135 info trying registry request attempt 1 at 16:57:25
136 verbose etag "5FY7I675W6EOGPEHJGF94JLKK"
137 http GET https://registry.npmjs.org/karma-chrome-launcher
138 verbose request where is /body-parser
139 verbose request registry https://registry.npmjs.org/
140 verbose url raw /body-parser
141 verbose url resolving [ 'https://registry.npmjs.org/', './body-parser' ]
142 verbose url resolved https://registry.npmjs.org/body-parser
143 verbose request where is https://registry.npmjs.org/body-parser
144 info trying registry request attempt 1 at 16:57:25
145 verbose etag "6FCHYAC6NAF1MURHAEN0Q74FO"
146 http GET https://registry.npmjs.org/body-parser
147 verbose request where is /express
148 verbose request registry https://registry.npmjs.org/
149 verbose url raw /express
150 verbose url resolving [ 'https://registry.npmjs.org/', './express' ]
151 verbose url resolved https://registry.npmjs.org/express
152 verbose request where is https://registry.npmjs.org/express
153 info trying registry request attempt 1 at 16:57:25
154 verbose etag "8H88HC30HMZU7CIIXSDPP9V7R"
155 http GET https://registry.npmjs.org/express
156 verbose request where is /mongoose
157 verbose request registry https://registry.npmjs.org/
158 verbose url raw /mongoose
159 verbose url resolving [ 'https://registry.npmjs.org/', './mongoose' ]
160 verbose url resolved https://registry.npmjs.org/mongoose
161 verbose request where is https://registry.npmjs.org/mongoose
162 info trying registry request attempt 1 at 16:57:25
163 verbose etag "7T8VP2JKT7U20933L0WKMUGCV"
164 http GET https://registry.npmjs.org/mongoose
165 verbose request where is /karma-firefox-launcher
166 verbose request registry https://registry.npmjs.org/
167 verbose url raw /karma-firefox-launcher
168 verbose url resolving [ 'https://registry.npmjs.org/', './karma-firefox-launcher' ]
169 verbose url resolved https://registry.npmjs.org/karma-firefox-launcher
170 verbose request where is https://registry.npmjs.org/karma-firefox-launcher
171 info trying registry request attempt 1 at 16:57:25
172 verbose etag "3MMZLKHQEIWIA2YJRAX32ZK8S"
173 http GET https://registry.npmjs.org/karma-firefox-launcher
174 verbose request where is /karma-jasmine
175 verbose request registry https://registry.npmjs.org/
176 verbose url raw /karma-jasmine
177 verbose url resolving [ 'https://registry.npmjs.org/', './karma-jasmine' ]
178 verbose url resolved https://registry.npmjs.org/karma-jasmine
179 verbose request where is https://registry.npmjs.org/karma-jasmine
180 info trying registry request attempt 1 at 16:57:25
181 verbose etag "89BCRPEMUUUYIOOLABS2B5PA2"
182 http GET https://registry.npmjs.org/karma-jasmine
183 verbose request where is /protractor
184 verbose request registry https://registry.npmjs.org/
185 verbose url raw /protractor
186 verbose url resolving [ 'https://registry.npmjs.org/', './protractor' ]
187 verbose url resolved https://registry.npmjs.org/protractor
188 verbose request where is https://registry.npmjs.org/protractor
189 info trying registry request attempt 1 at 16:57:25
190 verbose etag "4UZ399Q0WOHESX0T9UK360TWA"
191 http GET https://registry.npmjs.org/protractor
192 verbose request where is /http-server
193 verbose request registry https://registry.npmjs.org/
194 verbose url raw /http-server
195 verbose url resolving [ 'https://registry.npmjs.org/', './http-server' ]
196 verbose url resolved https://registry.npmjs.org/http-server
197 verbose request where is https://registry.npmjs.org/http-server
198 info trying registry request attempt 1 at 16:57:25
199 verbose etag "CDGFNFP89VGIJJEJUADCUG80M"
200 http GET https://registry.npmjs.org/http-server
201 verbose request where is /karma
202 verbose request registry https://registry.npmjs.org/
203 verbose url raw /karma
204 verbose url resolving [ 'https://registry.npmjs.org/', './karma' ]
205 verbose url resolved https://registry.npmjs.org/karma
206 verbose request where is https://registry.npmjs.org/karma
207 info trying registry request attempt 1 at 16:57:25
208 verbose etag "D7D8RKZ2GAWT3I5KLBWWRJAE8"
209 http GET https://registry.npmjs.org/karma
210 verbose request where is /tmp
211 verbose request registry https://registry.npmjs.org/
212 verbose url raw /tmp
213 verbose url resolving [ 'https://registry.npmjs.org/', './tmp' ]
214 verbose url resolved https://registry.npmjs.org/tmp
215 verbose request where is https://registry.npmjs.org/tmp
216 info trying registry request attempt 1 at 16:57:25
217 verbose etag "E0TJC6FF94CXMZZG4GK21IDXR"
218 http GET https://registry.npmjs.org/tmp
219 verbose request where is /bower
220 verbose request registry https://registry.npmjs.org/
221 verbose url raw /bower
222 verbose url resolving [ 'https://registry.npmjs.org/', './bower' ]
223 verbose url resolved https://registry.npmjs.org/bower
224 verbose request where is https://registry.npmjs.org/bower
225 info trying registry request attempt 1 at 16:57:25
226 verbose etag "CCEXGQZOPHJHI9CSBZBVVMTXV"
227 http GET https://registry.npmjs.org/bower
228 verbose request where is /shelljs
229 verbose request registry https://registry.npmjs.org/
230 verbose url raw /shelljs
231 verbose url resolving [ 'https://registry.npmjs.org/', './shelljs' ]
232 verbose url resolved https://registry.npmjs.org/shelljs
233 verbose request where is https://registry.npmjs.org/shelljs
234 info trying registry request attempt 1 at 16:57:25
235 verbose etag "1C2I0WJVQQ3E43BIWXWL49ACN"
236 http GET https://registry.npmjs.org/shelljs
237 http 200 https://registry.npmjs.org/karma-chrome-launcher
238 silly registry.get cb [ 200,
238 silly registry.get   { server: 'CouchDB/1.5.0 (Erlang OTP/R16B03)',
238 silly registry.get     etag: '"AB6DAVF46PUPNUJCW5RX7BKQ1"',
238 silly registry.get     'content-type': 'application/json',
238 silly registry.get     'cache-control': 'max-age=60',
238 silly registry.get     'content-length': '33116',
238 silly registry.get     'accept-ranges': 'bytes',
238 silly registry.get     date: 'Mon, 26 Oct 2015 15:57:24 GMT',
238 silly registry.get     via: '1.1 varnish',
238 silly registry.get     age: '49',
238 silly registry.get     connection: 'keep-alive',
238 silly registry.get     'x-served-by': 'cache-fra1220-FRA',
238 silly registry.get     'x-cache': 'HIT',
238 silly registry.get     'x-cache-hits': '1',
238 silly registry.get     'x-timer': 'S1445875044.206174,VS0,VE0',
238 silly registry.get     vary: 'Accept' } ]
239 silly addNameRange number 2 { name: 'karma-chrome-launcher',
239 silly addNameRange   range: '>=0.1.4-0 <0.2.0-0',
239 silly addNameRange   hasData: true }
240 silly addNameRange versions [ 'karma-chrome-launcher',
240 silly addNameRange   [ '0.0.1',
240 silly addNameRange     '0.0.2',
240 silly addNameRange     '0.1.0',
240 silly addNameRange     '0.1.1',
240 silly addNameRange     '0.1.2',
240 silly addNameRange     '0.1.3',
240 silly addNameRange     '0.1.4',
240 silly addNameRange     '0.1.5',
240 silly addNameRange     '0.1.6',
240 silly addNameRange     '0.1.7',
240 silly addNameRange     '0.1.8',
240 silly addNameRange     '0.1.9',
240 silly addNameRange     '0.1.10',
240 silly addNameRange     '0.1.11',
240 silly addNameRange     '0.1.12',
240 silly addNameRange     '0.2.0',
240 silly addNameRange     '0.2.1' ] ]
241 verbose addNamed [ 'karma-chrome-launcher', '0.1.12' ]
242 verbose addNamed [ '0.1.12', '0.1.12' ]
243 silly lockFile f5f807cc-karma-chrome-launcher-0-1-12 karma-chrome-launcher@0.1.12
244 verbose lock karma-chrome-launcher@0.1.12 /home/eygle/.npm/f5f807cc-karma-chrome-launcher-0-1-12.lock
245 http 200 https://registry.npmjs.org/karma-firefox-launcher
246 silly registry.get cb [ 200,
246 silly registry.get   { server: 'CouchDB/1.5.0 (Erlang OTP/R16B03)',
246 silly registry.get     etag: '"8RL0AE5NRFET2HXZA22LKQZZ6"',
246 silly registry.get     'content-type': 'application/json',
246 silly registry.get     'cache-control': 'max-age=60',
246 silly registry.get     'content-length': '19613',
246 silly registry.get     'accept-ranges': 'bytes',
246 silly registry.get     date: 'Mon, 26 Oct 2015 15:57:24 GMT',
246 silly registry.get     via: '1.1 varnish',
246 silly registry.get     age: '50',
246 silly registry.get     connection: 'keep-alive',
246 silly registry.get     'x-served-by': 'cache-fra1229-FRA',
246 silly registry.get     'x-cache': 'HIT',
246 silly registry.get     'x-cache-hits': '1',
246 silly registry.get     'x-timer': 'S1445875044.223399,VS0,VE0',
246 silly registry.get     vary: 'Accept' } ]
247 silly addNameRange number 2 { name: 'karma-firefox-launcher',
247 silly addNameRange   range: '>=0.1.3-0 <0.2.0-0',
247 silly addNameRange   hasData: true }
248 silly addNameRange versions [ 'karma-firefox-launcher',
248 silly addNameRange   [ '0.0.1',
248 silly addNameRange     '0.0.2',
248 silly addNameRange     '0.0.3',
248 silly addNameRange     '0.1.0',
248 silly addNameRange     '0.1.1',
248 silly addNameRange     '0.1.2',
248 silly addNameRange     '0.1.3',
248 silly addNameRange     '0.1.4',
248 silly addNameRange     '0.1.5',
248 silly addNameRange     '0.1.6' ] ]
249 verbose addNamed [ 'karma-firefox-launcher', '0.1.6' ]
250 verbose addNamed [ '0.1.6', '0.1.6' ]
251 silly lockFile 38b37ef9-karma-firefox-launcher-0-1-6 karma-firefox-launcher@0.1.6
252 verbose lock karma-firefox-launcher@0.1.6 /home/eygle/.npm/38b37ef9-karma-firefox-launcher-0-1-6.lock
253 silly lockFile f5f807cc-karma-chrome-launcher-0-1-12 karma-chrome-launcher@0.1.12
254 silly lockFile f5f807cc-karma-chrome-launcher-0-1-12 karma-chrome-launcher@0.1.12
255 silly lockFile cd7d8138-karma-chrome-launcher-0-1-4 karma-chrome-launcher@^0.1.4
256 silly lockFile cd7d8138-karma-chrome-launcher-0-1-4 karma-chrome-launcher@^0.1.4
257 silly lockFile 38b37ef9-karma-firefox-launcher-0-1-6 karma-firefox-launcher@0.1.6
258 silly lockFile 38b37ef9-karma-firefox-launcher-0-1-6 karma-firefox-launcher@0.1.6
259 silly lockFile d6cf90b9-karma-firefox-launcher-0-1-3 karma-firefox-launcher@^0.1.3
260 silly lockFile d6cf90b9-karma-firefox-launcher-0-1-3 karma-firefox-launcher@^0.1.3
261 http 200 https://registry.npmjs.org/body-parser
262 silly registry.get cb [ 200,
262 silly registry.get   { server: 'CouchDB/1.5.0 (Erlang OTP/R16B03)',
262 silly registry.get     etag: '"6ORFQSCSN8RYJKZ8OSGDXQ1C9"',
262 silly registry.get     'content-type': 'application/json',
262 silly registry.get     'cache-control': 'max-age=60',
262 silly registry.get     'content-length': '110648',
262 silly registry.get     'accept-ranges': 'bytes',
262 silly registry.get     date: 'Mon, 26 Oct 2015 15:57:24 GMT',
262 silly registry.get     via: '1.1 varnish',
262 silly registry.get     age: '58',
262 silly registry.get     connection: 'keep-alive',
262 silly registry.get     'x-served-by': 'cache-fra1244-FRA',
262 silly registry.get     'x-cache': 'HIT',
262 silly registry.get     'x-cache-hits': '4',
262 silly registry.get     'x-timer': 'S1445875044.206868,VS0,VE0',
262 silly registry.get     vary: 'Accept' } ]
263 http 200 https://registry.npmjs.org/karma-jasmine
264 silly registry.get cb [ 200,
264 silly registry.get   { server: 'CouchDB/1.5.0 (Erlang OTP/R16B03)',
264 silly registry.get     etag: '"N3U0Y5TZ8EAAGMTKGI6QJ5OY"',
264 silly registry.get     'content-type': 'application/json',
264 silly registry.get     'cache-control': 'max-age=60',
264 silly registry.get     'content-length': '35120',
264 silly registry.get     'accept-ranges': 'bytes',
264 silly registry.get     date: 'Mon, 26 Oct 2015 15:57:24 GMT',
264 silly registry.get     via: '1.1 varnish',
264 silly registry.get     age: '25',
264 silly registry.get     connection: 'keep-alive',
264 silly registry.get     'x-served-by': 'cache-fra1220-FRA',
264 silly registry.get     'x-cache': 'HIT',
264 silly registry.get     'x-cache-hits': '2',
264 silly registry.get     'x-timer': 'S1445875044.259803,VS0,VE0',
264 silly registry.get     vary: 'Accept' } ]
265 silly addNameRange number 2 { name: 'karma-jasmine',
265 silly addNameRange   range: '>=0.1.0-0 <0.2.0-0',
265 silly addNameRange   hasData: true }
266 silly addNameRange versions [ 'karma-jasmine',
266 silly addNameRange   [ '0.0.1',
266 silly addNameRange     '0.0.2',
266 silly addNameRange     '0.0.3',
266 silly addNameRange     '0.1.0',
266 silly addNameRange     '0.1.1',
266 silly addNameRange     '0.1.2',
266 silly addNameRange     '0.1.3',
266 silly addNameRange     '0.1.4',
266 silly addNameRange     '0.1.5',
266 silly addNameRange     '0.2.0',
266 silly addNameRange     '0.2.1',
266 silly addNameRange     '0.2.2',
266 silly addNameRange     '0.2.3',
266 silly addNameRange     '0.3.0',
266 silly addNameRange     '0.3.1',
266 silly addNameRange     '0.3.2',
266 silly addNameRange     '0.3.3',
266 silly addNameRange     '0.3.4',
266 silly addNameRange     '0.3.5',
266 silly addNameRange     '0.3.6',
266 silly addNameRange     '0.1.6' ] ]
267 verbose addNamed [ 'karma-jasmine', '0.1.6' ]
268 verbose addNamed [ '0.1.6', '0.1.6' ]
269 silly lockFile c4ae6af9-karma-jasmine-0-1-6 karma-jasmine@0.1.6
270 verbose lock karma-jasmine@0.1.6 /home/eygle/.npm/c4ae6af9-karma-jasmine-0-1-6.lock
271 silly addNameRange number 2 { name: 'body-parser',
271 silly addNameRange   range: '>=1.0.1-0 <1.1.0-0',
271 silly addNameRange   hasData: true }
272 silly addNameRange versions [ 'body-parser',
272 silly addNameRange   [ '1.0.0',
272 silly addNameRange     '1.0.1',
272 silly addNameRange     '1.0.2',
272 silly addNameRange     '1.1.0',
272 silly addNameRange     '1.1.1',
272 silly addNameRange     '1.1.2',
272 silly addNameRange     '1.2.0',
272 silly addNameRange     '1.2.1',
272 silly addNameRange     '1.2.2',
272 silly addNameRange     '1.3.0',
272 silly addNameRange     '1.3.1',
272 silly addNameRange     '1.4.0',
272 silly addNameRange     '1.4.1',
272 silly addNameRange     '1.4.2',
272 silly addNameRange     '1.4.3',
272 silly addNameRange     '1.5.0',
272 silly addNameRange     '1.5.1',
272 silly addNameRange     '1.5.2',
272 silly addNameRange     '1.6.0',
272 silly addNameRange     '1.6.1',
272 silly addNameRange     '1.6.2',
272 silly addNameRange     '1.6.3',
272 silly addNameRange     '1.6.4',
272 silly addNameRange     '1.6.5',
272 silly addNameRange     '1.6.6',
272 silly addNameRange     '1.6.7',
272 silly addNameRange     '1.7.0',
272 silly addNameRange     '1.8.0',
272 silly addNameRange     '1.8.1',
272 silly addNameRange     '1.8.2',
272 silly addNameRange     '1.8.3',
272 silly addNameRange     '1.8.4',
272 silly addNameRange     '1.9.0',
272 silly addNameRange     '1.9.1',
272 silly addNameRange     '1.9.2',
272 silly addNameRange     '1.9.3',
272 silly addNameRange     '1.10.0',
272 silly addNameRange     '1.10.1',
272 silly addNameRange     '1.10.2',
272 silly addNameRange     '1.11.0',
272 silly addNameRange     '1.12.0',
272 silly addNameRange     '1.12.1',
272 silly addNameRange     '1.12.2',
272 silly addNameRange     '1.12.3',
272 silly addNameRange     '1.12.4',
272 silly addNameRange     '1.13.0',
272 silly addNameRange     '1.13.1',
272 silly addNameRange     '1.13.2',
272 silly addNameRange     '1.13.3',
272 silly addNameRange     '1.14.0',
272 silly addNameRange     '1.14.1' ] ]
273 verbose addNamed [ 'body-parser', '1.0.2' ]
274 verbose addNamed [ '1.0.2', '1.0.2' ]
275 silly lockFile bc6ccf3b-body-parser-1-0-2 body-parser@1.0.2
276 verbose lock body-parser@1.0.2 /home/eygle/.npm/bc6ccf3b-body-parser-1-0-2.lock
277 silly lockFile 9ecea155-ody-parser-body-parser-1-0-2-tgz https://registry.npmjs.org/body-parser/-/body-parser-1.0.2.tgz
278 verbose lock https://registry.npmjs.org/body-parser/-/body-parser-1.0.2.tgz /home/eygle/.npm/9ecea155-ody-parser-body-parser-1-0-2-tgz.lock
279 verbose addRemoteTarball [ 'https://registry.npmjs.org/body-parser/-/body-parser-1.0.2.tgz',
279 verbose addRemoteTarball   '3461479a3278fe00fcaebec3314bb54fc4f7b47c' ]
280 silly lockFile c4ae6af9-karma-jasmine-0-1-6 karma-jasmine@0.1.6
281 silly lockFile c4ae6af9-karma-jasmine-0-1-6 karma-jasmine@0.1.6
282 silly lockFile 880f350b-karma-jasmine-0-1-0 karma-jasmine@~0.1.0
283 silly lockFile 880f350b-karma-jasmine-0-1-0 karma-jasmine@~0.1.0
284 info retry fetch attempt 1 at 16:57:25
285 verbose fetch to= /tmp/npm-6517-GkSISTCy/registry.npmjs.org/body-parser/-/body-parser-1.0.2.tgz
286 http GET https://registry.npmjs.org/body-parser/-/body-parser-1.0.2.tgz
287 http 200 https://registry.npmjs.org/express
288 silly registry.get cb [ 200,
288 silly registry.get   { server: 'CouchDB/1.5.0 (Erlang OTP/R16B03)',
288 silly registry.get     etag: '"2LM17AJ5OD4SY17TI28CWQBYY"',
288 silly registry.get     'content-type': 'application/json',
288 silly registry.get     'cache-control': 'max-age=60',
288 silly registry.get     'content-length': '527856',
288 silly registry.get     'accept-ranges': 'bytes',
288 silly registry.get     date: 'Mon, 26 Oct 2015 15:57:24 GMT',
288 silly registry.get     via: '1.1 varnish',
288 silly registry.get     age: '57',
288 silly registry.get     connection: 'keep-alive',
288 silly registry.get     'x-served-by': 'cache-fra1238-FRA',
288 silly registry.get     'x-cache': 'HIT',
288 silly registry.get     'x-cache-hits': '2',
288 silly registry.get     'x-timer': 'S1445875044.226699,VS0,VE0',
288 silly registry.get     vary: 'Accept' } ]
289 silly addNameRange number 2 { name: 'express', range: '>=4.0.0-0 <4.1.0-0', hasData: true }
290 silly addNameRange versions [ 'express',
290 silly addNameRange   [ '0.14.0',
290 silly addNameRange     '0.14.1',
290 silly addNameRange     '1.0.0',
290 silly addNameRange     '1.0.1',
290 silly addNameRange     '1.0.2',
290 silly addNameRange     '1.0.3',
290 silly addNameRange     '1.0.4',
290 silly addNameRange     '1.0.5',
290 silly addNameRange     '1.0.6',
290 silly addNameRange     '1.0.7',
290 silly addNameRange     '1.0.8',
290 silly addNameRange     '2.0.0',
290 silly addNameRange     '2.1.0',
290 silly addNameRange     '2.1.1',
290 silly addNameRange     '2.2.0',
290 silly addNameRange     '2.2.1',
290 silly addNameRange     '2.2.2',
290 silly addNameRange     '2.3.0',
290 silly addNameRange     '2.3.1',
290 silly addNameRange     '2.3.2',
290 silly addNameRange     '2.3.3',
290 silly addNameRange     '2.3.4',
290 silly addNameRange     '2.3.5',
290 silly addNameRange     '2.3.6',
290 silly addNameRange     '2.3.7',
290 silly addNameRange     '2.3.8',
290 silly addNameRange     '2.3.9',
290 silly addNameRange     '2.3.10',
290 silly addNameRange     '2.3.11',
290 silly addNameRange     '2.3.12',
290 silly addNameRange     '2.4.0',
290 silly addNameRange     '2.4.1',
290 silly addNameRange     '2.4.2',
290 silly addNameRange     '2.4.3',
290 silly addNameRange     '2.4.4',
290 silly addNameRange     '2.4.5',
290 silly addNameRange     '2.4.6',
290 silly addNameRange     '2.4.7',
290 silly addNameRange     '2.5.0',
290 silly addNameRange     '2.5.1',
290 silly addNameRange     '2.5.2',
290 silly addNameRange     '2.5.3',
290 silly addNameRange     '2.5.4',
290 silly addNameRange     '2.5.5',
290 silly addNameRange     '2.5.6',
290 silly addNameRange     '2.5.7',
290 silly addNameRange     '2.5.8',
290 silly addNameRange     '2.5.9',
290 silly addNameRange     '2.5.10',
290 silly addNameRange     '2.5.11',
290 silly addNameRange     '3.0.0',
290 silly addNameRange     '3.0.1',
290 silly addNameRange     '3.0.2',
290 silly addNameRange     '3.0.3',
290 silly addNameRange     '3.0.4',
290 silly addNameRange     '3.0.5',
290 silly addNameRange     '3.0.6',
290 silly addNameRange     '3.1.0',
290 silly addNameRange     '3.1.1',
290 silly addNameRange     '3.1.2',
290 silly addNameRange     '3.2.0',
290 silly addNameRange     '3.2.1',
290 silly addNameRange     '3.2.2',
290 silly addNameRange     '3.2.3',
290 silly addNameRange     '3.2.4',
290 silly addNameRange     '3.2.5',
290 silly addNameRange     '3.2.6',
290 silly addNameRange     '3.3.0',
290 silly addNameRange     '3.3.1',
290 silly addNameRange     '3.3.2',
290 silly addNameRange     '3.3.3',
290 silly addNameRange     '3.3.4',
290 silly addNameRange     '3.3.5',
290 silly addNameRange     '3.3.6',
290 silly addNameRange     '1.0.0-beta',
290 silly addNameRange     '1.0.0-beta2',
290 silly addNameRange     '1.0.0-rc',
290 silly addNameRange     '1.0.0-rc2',
290 silly addNameRange     '1.0.0-rc3',
290 silly addNameRange     '1.0.0-rc4',
290 silly addNameRange     '2.0.0-beta',
290 silly addNameRange     '2.0.0-beta2',
290 silly addNameRange     '2.0.0-beta3',
290 silly addNameRange     '2.0.0-rc',
290 silly addNameRange     '2.0.0-rc2',
290 silly addNameRange     '2.0.0-rc3',
290 silly addNameRange     '3.0.0-alpha1',
290 silly addNameRange     '3.0.0-alpha2',
290 silly addNameRange     '3.0.0-alpha3',
290 silly addNameRange     '3.0.0-alpha4',
290 silly addNameRange     '3.0.0-alpha5',
290 silly addNameRange     '3.0.0-beta1',
290 silly addNameRange     '3.0.0-beta2',
290 silly addNameRange     '3.0.0-beta3',
290 silly addNameRange     '3.0.0-beta4',
290 silly addNameRange     '3.0.0-beta6',
290 silly addNameRange     '3.0.0-beta7',
290 silly addNameRange     '3.0.0-rc1',
290 silly addNameRange     '3.0.0-rc2',
290 silly addNameRange     '3.0.0-rc3',
290 silly addNameRange     '3.0.0-rc4',
290 silly addNameRange     '3.0.0-rc5',
290 silly addNameRange     '3.3.7',
290 silly addNameRange     '3.3.8',
290 silly addNameRange     '3.4.0',
290 silly addNameRange     '3.4.1',
290 silly addNameRange     '3.4.2',
290 silly addNameRange     '3.4.3',
290 silly addNameRange     '3.4.4',
290 silly addNameRange     '3.4.5',
290 silly addNameRange     '3.4.6',
290 silly addNameRange     '3.4.7',
290 silly addNameRange     '3.4.8',
290 silly addNameRange     '4.0.0-rc1',
290 silly addNameRange     '4.0.0-rc2',
290 silly addNameRange     '3.5.0',
290 silly addNameRange     '4.0.0-rc3',
290 silly addNameRange     '4.0.0-rc4',
290 silly addNameRange     '3.5.1',
290 silly addNameRange     '4.0.0',
290 silly addNameRange     '3.5.2',
290 silly addNameRange     '4.1.0',
290 silly addNameRange     '4.1.1',
290 silly addNameRange     '3.5.3',
290 silly addNameRange     '4.1.2',
290 silly addNameRange     '3.6.0',
290 silly addNameRange     '4.2.0',
290 silly addNameRange     '3.7.0',
290 silly addNameRange     '3.8.0',
290 silly addNameRange     '4.3.0',
290 silly addNameRange     '4.3.1',
290 silly addNameRange     '3.8.1',
290 silly addNameRange     '4.3.2',
290 silly addNameRange     '3.9.0',
290 silly addNameRange     '4.4.0',
290 silly addNameRange     '4.4.1',
290 silly addNameRange     '3.10.0',
290 silly addNameRange     '3.10.1',
290 silly addNameRange     '3.10.2',
290 silly addNameRange     '3.10.3',
290 silly addNameRange     '3.10.4',
290 silly addNameRange     '4.4.2',
290 silly addNameRange     '3.10.5',
290 silly addNameRange     '4.4.3',
290 silly addNameRange     '3.11.0',
290 silly addNameRange     '4.4.4',
290 silly addNameRange     '3.12.0',
290 silly addNameRange     '3.12.1',
290 silly addNameRange     '4.4.5',
290 silly addNameRange     '3.13.0',
290 silly addNameRange     '4.5.0',
290 silly addNameRange     '4.5.1',
290 silly addNameRange     '3.14.0',
290 silly addNameRange     '4.6.0',
290 silly addNameRange     '4.6.1',
290 silly addNameRange     '3.15.0',
290 silly addNameRange     '4.7.0',
290 silly addNameRange     '3.15.1',
290 silly addNameRange     '4.7.1',
290 silly addNameRange     '3.15.2',
290 silly addNameRange     '4.7.2',
290 silly addNameRange     '4.7.3',
290 silly addNameRange     '3.15.3',
290 silly addNameRange     '4.7.4',
290 silly addNameRange     '3.16.0',
290 silly addNameRange     '4.8.0',
290 silly addNameRange     '3.16.1',
290 silly addNameRange     '4.8.1',
290 silly addNameRange     '3.16.2',
290 silly addNameRange     '4.8.2',
290 silly addNameRange     '3.16.3',
290 silly addNameRange     '3.16.4',
290 silly addNameRange     '4.8.3',
290 silly addNameRange     '3.16.5',
290 silly addNameRange     '3.16.6',
290 silly addNameRange     '4.8.4',
290 silly addNameRange     '3.16.7',
290 silly addNameRange     '4.8.5',
290 silly addNameRange     '3.16.8',
290 silly addNameRange     '4.8.6',
290 silly addNameRange     '3.16.9',
290 silly addNameRange     '4.8.7',
290 silly addNameRange     '3.16.10',
290 silly addNameRange     '4.8.8',
290 silly addNameRange     '3.17.0',
290 silly addNameRange     '3.17.1',
290 silly addNameRange     '4.9.0',
290 silly addNameRange     '3.17.2',
290 silly addNameRange     '4.9.1',
290 silly addNameRange     '4.9.2',
290 silly addNameRange     '3.17.3',
290 silly addNameRange     '4.9.3',
290 silly addNameRange     '3.17.4',
290 silly addNameRange     '4.9.4',
290 silly addNameRange     '3.17.5',
290 silly addNameRange     '4.9.5',
290 silly addNameRange     '3.17.6',
290 silly addNameRange     '3.17.7',
290 silly addNameRange     '4.9.6',
290 silly addNameRange     '4.9.7',
290 silly addNameRange     '3.17.8',
290 silly addNameRange     '4.9.8',
290 silly addNameRange     '3.18.0',
290 silly addNameRange     '3.18.1',
290 silly addNameRange     '4.10.0',
290 silly addNameRange     '3.18.2',
290 silly addNameRange     '4.10.1',
290 silly addNameRange     '5.0.0-alpha.1',
290 silly addNameRange     '3.18.3',
290 silly addNameRange     '4.10.2',
290 silly addNameRange     '3.18.4',
290 silly addNameRange     '4.10.3',
290 silly addNameRange     '4.10.4',
290 silly addNameRange     '4.10.5',
290 silly addNameRange     '3.18.5',
290 silly addNameRange     '3.18.6',
290 silly addNameRange     '4.10.6',
290 silly addNameRange     '4.10.7',
290 silly addNameRange     '3.19.0',
290 silly addNameRange     '4.10.8',
290 silly addNameRange     '4.11.0',
290 silly addNameRange     '3.19.1',
290 silly addNameRange     '4.11.1',
290 silly addNameRange     '3.19.2',
290 silly addNameRange     '4.11.2',
290 silly addNameRange     '3.20.0',
290 silly addNameRange     '4.12.0',
290 silly addNameRange     '3.20.1',
290 silly addNameRange     '4.12.1',
290 silly addNameRange     '4.12.2',
290 silly addNameRange     '3.20.2',
290 silly addNameRange     '4.12.3',
290 silly addNameRange     '3.20.3',
290 silly addNameRange     '4.12.4',
290 silly addNameRange     '3.21.0',
290 silly addNameRange     '4.13.0',
290 silly addNameRange     '3.21.1',
290 silly addNameRange     '4.13.1',
290 silly addNameRange     '5.0.0-alpha.2',
290 silly addNameRange     '3.21.2',
290 silly addNameRange     '4.13.2',
290 silly addNameRange     '4.13.3' ] ]
291 verbose addNamed [ 'express', '4.0.0' ]
292 verbose addNamed [ '4.0.0', '4.0.0' ]
293 silly lockFile 5b69df19-express-4-0-0 express@4.0.0
294 verbose lock express@4.0.0 /home/eygle/.npm/5b69df19-express-4-0-0.lock
295 silly lockFile a435220e-js-org-express-express-4-0-0-tgz https://registry.npmjs.org/express/-/express-4.0.0.tgz
296 verbose lock https://registry.npmjs.org/express/-/express-4.0.0.tgz /home/eygle/.npm/a435220e-js-org-express-express-4-0-0-tgz.lock
297 verbose addRemoteTarball [ 'https://registry.npmjs.org/express/-/express-4.0.0.tgz',
297 verbose addRemoteTarball   '274dc82933c9f574cc38a0ce5ea8172be9c6b094' ]
298 info retry fetch attempt 1 at 16:57:25
299 verbose fetch to= /tmp/npm-6517-GkSISTCy/registry.npmjs.org/express/-/express-4.0.0.tgz
300 http GET https://registry.npmjs.org/express/-/express-4.0.0.tgz
301 http 200 https://registry.npmjs.org/tmp
302 silly registry.get cb [ 200,
302 silly registry.get   { server: 'CouchDB/1.5.0 (Erlang OTP/R16B03)',
302 silly registry.get     etag: '"2CWJOOS30NI77VPV96DM1W0V8"',
302 silly registry.get     'content-type': 'application/json',
302 silly registry.get     'cache-control': 'max-age=60',
302 silly registry.get     'content-length': '37303',
302 silly registry.get     'accept-ranges': 'bytes',
302 silly registry.get     date: 'Mon, 26 Oct 2015 15:57:24 GMT',
302 silly registry.get     via: '1.1 varnish',
302 silly registry.get     age: '23',
302 silly registry.get     connection: 'keep-alive',
302 silly registry.get     'x-served-by': 'cache-fra1238-FRA',
302 silly registry.get     'x-cache': 'HIT',
302 silly registry.get     'x-cache-hits': '1',
302 silly registry.get     'x-timer': 'S1445875044.461102,VS0,VE0',
302 silly registry.get     vary: 'Accept' } ]
303 silly lockFile f32f8216-try-npmjs-org-tmp-tmp-0-0-23-tgz https://registry.npmjs.org/tmp/-/tmp-0.0.23.tgz
304 verbose lock https://registry.npmjs.org/tmp/-/tmp-0.0.23.tgz /home/eygle/.npm/f32f8216-try-npmjs-org-tmp-tmp-0-0-23-tgz.lock
305 verbose addRemoteTarball [ 'https://registry.npmjs.org/tmp/-/tmp-0.0.23.tgz',
305 verbose addRemoteTarball   'de874aa5e974a85f0a32cdfdbd74663cb3bd9c74' ]
306 info retry fetch attempt 1 at 16:57:25
307 verbose fetch to= /tmp/npm-6517-GkSISTCy/registry.npmjs.org/tmp/-/tmp-0.0.23.tgz
308 http GET https://registry.npmjs.org/tmp/-/tmp-0.0.23.tgz
309 http 200 https://registry.npmjs.org/bower
310 silly registry.get cb [ 200,
310 silly registry.get   { server: 'CouchDB/1.5.0 (Erlang OTP/R16B03)',
310 silly registry.get     etag: '"BWV73V8ZTPVRGMNI1EYSE0Y42"',
310 silly registry.get     'content-type': 'application/json',
310 silly registry.get     'cache-control': 'max-age=60',
310 silly registry.get     'content-length': '136180',
310 silly registry.get     'accept-ranges': 'bytes',
310 silly registry.get     date: 'Mon, 26 Oct 2015 15:57:24 GMT',
310 silly registry.get     via: '1.1 varnish',
310 silly registry.get     age: '45',
310 silly registry.get     connection: 'keep-alive',
310 silly registry.get     'x-served-by': 'cache-fra1238-FRA',
310 silly registry.get     'x-cache': 'HIT',
310 silly registry.get     'x-cache-hits': '45',
310 silly registry.get     'x-timer': 'S1445875044.491630,VS0,VE0',
310 silly registry.get     vary: 'Accept' } ]
311 silly addNameRange number 2 { name: 'bower', range: '>=1.3.1-0 <2.0.0-0', hasData: true }
312 silly addNameRange versions [ 'bower',
312 silly addNameRange   [ '0.1.0',
312 silly addNameRange     '0.1.2',
312 silly addNameRange     '0.1.3',
312 silly addNameRange     '0.2.0',
312 silly addNameRange     '0.3.0',
312 silly addNameRange     '0.3.1',
312 silly addNameRange     '0.3.2',
312 silly addNameRange     '0.4.0',
312 silly addNameRange     '0.5.0',
312 silly addNameRange     '0.5.1',
312 silly addNameRange     '0.6.0',
312 silly addNameRange     '0.6.1',
312 silly addNameRange     '0.6.2',
312 silly addNameRange     '0.6.3',
312 silly addNameRange     '0.6.4',
312 silly addNameRange     '0.6.5',
312 silly addNameRange     '0.6.6',
312 silly addNameRange     '0.6.7',
312 silly addNameRange     '0.6.8',
312 silly addNameRange     '0.7.0',
312 silly addNameRange     '0.7.1',
312 silly addNameRange     '0.8.0',
312 silly addNameRange     '0.8.1',
312 silly addNameRange     '0.8.2',
312 silly addNameRange     '0.8.3',
312 silly addNameRange     '0.8.4',
312 silly addNameRange     '0.8.5',
312 silly addNameRange     '0.8.6',
312 silly addNameRange     '0.9.0',
312 silly addNameRange     '0.9.1',
312 silly addNameRange     '0.9.2',
312 silly addNameRange     '0.10.0',
312 silly addNameRange     '1.0.0',
312 silly addNameRange     '1.0.1',
312 silly addNameRange     '1.0.2',
312 silly addNameRange     '1.0.3',
312 silly addNameRange     '1.1.0',
312 silly addNameRange     '1.1.1',
312 silly addNameRange     '1.1.2',
312 silly addNameRange     '1.2.0',
312 silly addNameRange     '1.2.1',
312 silly addNameRange     '1.2.2',
312 silly addNameRange     '1.2.3',
312 silly addNameRange     '1.2.4',
312 silly addNameRange     '1.2.5',
312 silly addNameRange     '1.2.6',
312 silly addNameRange     '1.2.7',
312 silly addNameRange     '1.2.8',
312 silly addNameRange     '1.3.0',
312 silly addNameRange     '1.3.1',
312 silly addNameRange     '1.3.2',
312 silly addNameRange     '1.3.3',
312 silly addNameRange     '1.3.4',
312 silly addNameRange     '1.3.5',
312 silly addNameRange     '1.3.6',
312 silly addNameRange     '1.3.7',
312 silly addNameRange     '1.3.8',
312 silly addNameRange     '1.3.9',
312 silly addNameRange     '1.3.10',
312 silly addNameRange     '1.3.11',
312 silly addNameRange     '1.3.12',
312 silly addNameRange     '1.4.0',
312 silly addNameRange     '1.4.1',
312 silly addNameRange     '1.5.0',
312 silly addNameRange     '1.5.1',
312 silly addNameRange     '1.5.2',
312 silly addNameRange     '1.5.3',
312 silly addNameRange     '1.6.2',
312 silly addNameRange     '1.6.3',
312 silly addNameRange     '1.6.4',
312 silly addNameRange     '1.6.5' ] ]
313 verbose addNamed [ 'bower', '1.6.5' ]
314 verbose addNamed [ '1.6.5', '1.6.5' ]
315 silly lockFile ffc9c2be-bower-1-6-5 bower@1.6.5
316 verbose lock bower@1.6.5 /home/eygle/.npm/ffc9c2be-bower-1-6-5.lock
317 silly lockFile 7ae313f5--npmjs-org-bower-bower-1-6-5-tgz https://registry.npmjs.org/bower/-/bower-1.6.5.tgz
318 verbose lock https://registry.npmjs.org/bower/-/bower-1.6.5.tgz /home/eygle/.npm/7ae313f5--npmjs-org-bower-bower-1-6-5-tgz.lock
319 verbose addRemoteTarball [ 'https://registry.npmjs.org/bower/-/bower-1.6.5.tgz',
319 verbose addRemoteTarball   '59d457122a161e42cc1625bbab8179c214b7ac11' ]
320 info retry fetch attempt 1 at 16:57:25
321 verbose fetch to= /tmp/npm-6517-GkSISTCy/registry.npmjs.org/bower/-/bower-1.6.5.tgz
322 http GET https://registry.npmjs.org/bower/-/bower-1.6.5.tgz
323 http 200 https://registry.npmjs.org/shelljs
324 silly registry.get cb [ 200,
324 silly registry.get   { server: 'CouchDB/1.5.0 (Erlang OTP/R16B03)',
324 silly registry.get     etag: '"D02Q4E383LM02OEV9ICZ0QYXU"',
324 silly registry.get     'content-type': 'application/json',
324 silly registry.get     'cache-control': 'max-age=60',
324 silly registry.get     'content-length': '53546',
324 silly registry.get     'accept-ranges': 'bytes',
324 silly registry.get     date: 'Mon, 26 Oct 2015 15:57:24 GMT',
324 silly registry.get     via: '1.1 varnish',
324 silly registry.get     age: '59',
324 silly registry.get     connection: 'keep-alive',
324 silly registry.get     'x-served-by': 'cache-fra1238-FRA',
324 silly registry.get     'x-cache': 'HIT',
324 silly registry.get     'x-cache-hits': '1',
324 silly registry.get     'x-timer': 'S1445875044.562900,VS0,VE0',
324 silly registry.get     vary: 'Accept' } ]
325 http 200 https://registry.npmjs.org/tmp/-/tmp-0.0.23.tgz
326 silly addNameRange number 2 { name: 'shelljs', range: '>=0.2.6-0 <0.3.0-0', hasData: true }
327 silly addNameRange versions [ 'shelljs',
327 silly addNameRange   [ '0.0.1',
327 silly addNameRange     '0.0.2',
327 silly addNameRange     '0.0.3',
327 silly addNameRange     '0.0.4',
327 silly addNameRange     '0.0.5',
327 silly addNameRange     '0.0.6',
327 silly addNameRange     '0.0.7',
327 silly addNameRange     '0.0.8',
327 silly addNameRange     '0.0.9',
327 silly addNameRange     '0.1.0',
327 silly addNameRange     '0.1.1',
327 silly addNameRange     '0.1.2',
327 silly addNameRange     '0.1.3',
327 silly addNameRange     '0.1.4',
327 silly addNameRange     '0.2.0',
327 silly addNameRange     '0.2.1',
327 silly addNameRange     '0.2.2',
327 silly addNameRange     '0.2.3',
327 silly addNameRange     '0.2.4',
327 silly addNameRange     '0.2.5',
327 silly addNameRange     '0.2.6',
327 silly addNameRange     '0.3.0',
327 silly addNameRange     '0.4.0',
327 silly addNameRange     '0.5.0',
327 silly addNameRange     '0.5.1',
327 silly addNameRange     '0.5.2',
327 silly addNameRange     '0.5.3',
327 silly addNameRange     '0.0.1-alpha1',
327 silly addNameRange     '0.0.2-pre1',
327 silly addNameRange     '0.0.4-pre1',
327 silly addNameRange     '0.0.5-pre1',
327 silly addNameRange     '0.0.5-pre2',
327 silly addNameRange     '0.0.5-pre3',
327 silly addNameRange     '0.0.5-pre4',
327 silly addNameRange     '0.0.6-pre1',
327 silly addNameRange     '0.0.6-pre2' ] ]
328 verbose addNamed [ 'shelljs', '0.2.6' ]
329 verbose addNamed [ '0.2.6', '0.2.6' ]
330 silly lockFile 542b9617-shelljs-0-2-6 shelljs@0.2.6
331 verbose lock shelljs@0.2.6 /home/eygle/.npm/542b9617-shelljs-0-2-6.lock
332 silly lockFile 542b9617-shelljs-0-2-6 shelljs@0.2.6
333 silly lockFile 542b9617-shelljs-0-2-6 shelljs@0.2.6
334 silly lockFile cdaabbbd-shelljs-0-2-6 shelljs@^0.2.6
335 silly lockFile cdaabbbd-shelljs-0-2-6 shelljs@^0.2.6
336 silly lockFile f32f8216-try-npmjs-org-tmp-tmp-0-0-23-tgz https://registry.npmjs.org/tmp/-/tmp-0.0.23.tgz
337 silly lockFile f32f8216-try-npmjs-org-tmp-tmp-0-0-23-tgz https://registry.npmjs.org/tmp/-/tmp-0.0.23.tgz
338 silly lockFile f7638ceb-tmp-0-0-23 tmp@0.0.23
339 silly lockFile f7638ceb-tmp-0-0-23 tmp@0.0.23
340 http 200 https://registry.npmjs.org/express/-/express-4.0.0.tgz
341 silly lockFile a435220e-js-org-express-express-4-0-0-tgz https://registry.npmjs.org/express/-/express-4.0.0.tgz
342 silly lockFile a435220e-js-org-express-express-4-0-0-tgz https://registry.npmjs.org/express/-/express-4.0.0.tgz
343 silly lockFile 5b69df19-express-4-0-0 express@4.0.0
344 silly lockFile 5b69df19-express-4-0-0 express@4.0.0
345 silly lockFile 9dcfb469-express-4-0-0 express@~4.0.0
346 silly lockFile 9dcfb469-express-4-0-0 express@~4.0.0
347 http 200 https://registry.npmjs.org/http-server
348 silly registry.get cb [ 200,
348 silly registry.get   { server: 'CouchDB/1.5.0 (Erlang OTP/R16B03)',
348 silly registry.get     etag: '"DL4J26C1SJWYYRAO1Z2H0M8DA"',
348 silly registry.get     'content-type': 'application/json',
348 silly registry.get     'cache-control': 'max-age=60',
348 silly registry.get     'content-length': '55314',
348 silly registry.get     'accept-ranges': 'bytes',
348 silly registry.get     date: 'Mon, 26 Oct 2015 15:57:24 GMT',
348 silly registry.get     via: '1.1 varnish',
348 silly registry.get     age: '23',
348 silly registry.get     connection: 'keep-alive',
348 silly registry.get     'x-served-by': 'cache-fra1244-FRA',
348 silly registry.get     'x-cache': 'HIT',
348 silly registry.get     'x-cache-hits': '1',
348 silly registry.get     'x-timer': 'S1445875044.311528,VS0,VE0',
348 silly registry.get     vary: 'Accept' } ]
349 silly addNameRange number 2 { name: 'http-server',
349 silly addNameRange   range: '>=0.6.1-0 <0.7.0-0',
349 silly addNameRange   hasData: true }
350 silly addNameRange versions [ 'http-server',
350 silly addNameRange   [ '0.1.0',
350 silly addNameRange     '0.1.1',
350 silly addNameRange     '0.1.3',
350 silly addNameRange     '0.2.1',
350 silly addNameRange     '0.2.2',
350 silly addNameRange     '0.2.3',
350 silly addNameRange     '0.2.4',
350 silly addNameRange     '0.2.5',
350 silly addNameRange     '0.2.6',
350 silly addNameRange     '0.2.9',
350 silly addNameRange     '0.3.0',
350 silly addNameRange     '0.4.0',
350 silly addNameRange     '0.4.1',
350 silly addNameRange     '0.5.0',
350 silly addNameRange     '0.5.1',
350 silly addNameRange     '0.5.2',
350 silly addNameRange     '0.5.3',
350 silly addNameRange     '0.5.5',
350 silly addNameRange     '0.6.0',
350 silly addNameRange     '0.6.1',
350 silly addNameRange     '0.7.0',
350 silly addNameRange     '0.7.1',
350 silly addNameRange     '0.7.2',
350 silly addNameRange     '0.7.3',
350 silly addNameRange     '0.7.4',
350 silly addNameRange     '0.7.5',
350 silly addNameRange     '0.8.0',
350 silly addNameRange     '0.8.1',
350 silly addNameRange     '0.8.2',
350 silly addNameRange     '0.8.3',
350 silly addNameRange     '0.8.4',
350 silly addNameRange     '0.8.5' ] ]
351 verbose addNamed [ 'http-server', '0.6.1' ]
352 verbose addNamed [ '0.6.1', '0.6.1' ]
353 silly lockFile 1e2b2518-http-server-0-6-1 http-server@0.6.1
354 verbose lock http-server@0.6.1 /home/eygle/.npm/1e2b2518-http-server-0-6-1.lock
355 silly lockFile 1e2b2518-http-server-0-6-1 http-server@0.6.1
356 silly lockFile 1e2b2518-http-server-0-6-1 http-server@0.6.1
357 silly lockFile e7eeaefd-http-server-0-6-1 http-server@^0.6.1
358 silly lockFile e7eeaefd-http-server-0-6-1 http-server@^0.6.1
359 http 200 https://registry.npmjs.org/protractor
360 silly registry.get cb [ 200,
360 silly registry.get   { server: 'CouchDB/1.5.0 (Erlang OTP/R16B03)',
360 silly registry.get     etag: '"EEM5LI51UUO7DZTYA78L75ZFT"',
360 silly registry.get     'content-type': 'application/json',
360 silly registry.get     'cache-control': 'max-age=60',
360 silly registry.get     'content-length': '97176',
360 silly registry.get     'accept-ranges': 'bytes',
360 silly registry.get     date: 'Mon, 26 Oct 2015 15:57:24 GMT',
360 silly registry.get     via: '1.1 varnish',
360 silly registry.get     age: '37',
360 silly registry.get     connection: 'keep-alive',
360 silly registry.get     'x-served-by': 'cache-fra1229-FRA',
360 silly registry.get     'x-cache': 'HIT',
360 silly registry.get     'x-cache-hits': '2',
360 silly registry.get     'x-timer': 'S1445875044.274118,VS0,VE0',
360 silly registry.get     vary: 'Accept' } ]
361 silly addNameRange number 2 { name: 'protractor',
361 silly addNameRange   range: '>=2.1.0-0 <3.0.0-0',
361 silly addNameRange   hasData: true }
362 silly addNameRange versions [ 'protractor',
362 silly addNameRange   [ '0.1.0',
362 silly addNameRange     '0.1.1',
362 silly addNameRange     '0.1.2',
362 silly addNameRange     '0.1.3',
362 silly addNameRange     '0.2.0',
362 silly addNameRange     '0.2.1',
362 silly addNameRange     '0.3.0',
362 silly addNameRange     '0.4.0',
362 silly addNameRange     '0.4.1',
362 silly addNameRange     '0.5.0',
362 silly addNameRange     '0.6.1',
362 silly addNameRange     '0.7.0',
362 silly addNameRange     '0.8.0',
362 silly addNameRange     '0.9.0',
362 silly addNameRange     '0.10.0',
362 silly addNameRange     '0.11.0',
362 silly addNameRange     '0.12.0',
362 silly addNameRange     '0.12.1',
362 silly addNameRange     '0.13.0',
362 silly addNameRange     '0.14.0',
362 silly addNameRange     '0.15.0',
362 silly addNameRange     '0.16.0',
362 silly addNameRange     '0.16.1',
362 silly addNameRange     '0.17.0',
362 silly addNameRange     '0.18.0',
362 silly addNameRange     '0.18.1',
362 silly addNameRange     '0.19.0',
362 silly addNameRange     '0.20.0',
362 silly addNameRange     '0.20.1',
362 silly addNameRange     '0.21.0',
362 silly addNameRange     '0.22.0',
362 silly addNameRange     '0.23.0',
362 silly addNameRange     '0.23.1',
362 silly addNameRange     '0.24.0',
362 silly addNameRange     '0.24.1',
362 silly addNameRange     '0.24.2',
362 silly addNameRange     '1.0.0-rc1',
362 silly addNameRange     '1.0.0-rc2',
362 silly addNameRange     '1.0.0-rc3',
362 silly addNameRange     '1.0.0-rc4',
362 silly addNameRange     '1.0.0-rc5',
362 silly addNameRange     '1.0.0-rc6',
362 silly addNameRange     '1.0.0',
362 silly addNameRange     '1.1.0',
362 silly addNameRange     '1.1.1',
362 silly addNameRange     '1.2.0-beta1',
362 silly addNameRange     '1.2.0',
362 silly addNameRange     '1.3.0',
362 silly addNameRange     '1.3.1',
362 silly addNameRange     '1.4.0',
362 silly addNameRange     '1.5.0',
362 silly addNameRange     '1.6.0',
362 silly addNameRange     '1.6.1',
362 silly addNameRange     '1.7.0',
362 silly addNameRange     '1.8.0',
362 silly addNameRange     '2.0.0',
362 silly addNameRange     '2.1.0',
362 silly addNameRange     '2.2.0',
362 silly addNameRange     '2.3.0',
362 silly addNameRange     '2.4.0',
362 silly addNameRange     '2.5.0',
362 silly addNameRange     '2.5.1' ] ]
363 verbose addNamed [ 'protractor', '2.5.1' ]
364 verbose addNamed [ '2.5.1', '2.5.1' ]
365 silly lockFile 94fdc057-protractor-2-5-1 protractor@2.5.1
366 verbose lock protractor@2.5.1 /home/eygle/.npm/94fdc057-protractor-2-5-1.lock
367 silly lockFile db7b6862--protractor-protractor-2-5-1-tgz https://registry.npmjs.org/protractor/-/protractor-2.5.1.tgz
368 verbose lock https://registry.npmjs.org/protractor/-/protractor-2.5.1.tgz /home/eygle/.npm/db7b6862--protractor-protractor-2-5-1-tgz.lock
369 verbose addRemoteTarball [ 'https://registry.npmjs.org/protractor/-/protractor-2.5.1.tgz',
369 verbose addRemoteTarball   '03d6c93cd7c268f4250177d55a2fec8a198372cd' ]
370 info retry fetch attempt 1 at 16:57:26
371 verbose fetch to= /tmp/npm-6517-GkSISTCy/registry.npmjs.org/protractor/-/protractor-2.5.1.tgz
372 http GET https://registry.npmjs.org/protractor/-/protractor-2.5.1.tgz
373 http 200 https://registry.npmjs.org/bower/-/bower-1.6.5.tgz
374 http 200 https://registry.npmjs.org/body-parser/-/body-parser-1.0.2.tgz
375 silly lockFile 9ecea155-ody-parser-body-parser-1-0-2-tgz https://registry.npmjs.org/body-parser/-/body-parser-1.0.2.tgz
376 silly lockFile 9ecea155-ody-parser-body-parser-1-0-2-tgz https://registry.npmjs.org/body-parser/-/body-parser-1.0.2.tgz
377 silly lockFile bc6ccf3b-body-parser-1-0-2 body-parser@1.0.2
378 silly lockFile bc6ccf3b-body-parser-1-0-2 body-parser@1.0.2
379 silly lockFile ed7f1d4f-body-parser-1-0-1 body-parser@~1.0.1
380 silly lockFile ed7f1d4f-body-parser-1-0-1 body-parser@~1.0.1
381 http 200 https://registry.npmjs.org/protractor/-/protractor-2.5.1.tgz
382 http 200 https://registry.npmjs.org/mongoose
383 silly registry.get cb [ 200,
383 silly registry.get   { server: 'CouchDB/1.5.0 (Erlang OTP/R16B03)',
383 silly registry.get     etag: '"BIL2T660XN7CCO03WW3VE6WS0"',
383 silly registry.get     'content-type': 'application/json',
383 silly registry.get     'cache-control': 'max-age=60',
383 silly registry.get     'content-length': '377759',
383 silly registry.get     'accept-ranges': 'bytes',
383 silly registry.get     date: 'Mon, 26 Oct 2015 15:57:24 GMT',
383 silly registry.get     via: '1.1 varnish',
383 silly registry.get     age: '0',
383 silly registry.get     connection: 'keep-alive',
383 silly registry.get     'x-served-by': 'cache-fra1226-FRA',
383 silly registry.get     'x-cache': 'HIT',
383 silly registry.get     'x-cache-hits': '1',
383 silly registry.get     'x-timer': 'S1445875044.224959,VS0,VE747',
383 silly registry.get     vary: 'Accept' } ]
384 silly addNameRange number 2 { name: 'mongoose', range: '>=3.6.13-0 <3.7.0-0', hasData: true }
385 silly addNameRange versions [ 'mongoose',
385 silly addNameRange   [ '0.0.1',
385 silly addNameRange     '0.0.2',
385 silly addNameRange     '0.0.3',
385 silly addNameRange     '0.0.4',
385 silly addNameRange     '0.0.5',
385 silly addNameRange     '1.0.0',
385 silly addNameRange     '1.0.1',
385 silly addNameRange     '1.0.2',
385 silly addNameRange     '0.0.6',
385 silly addNameRange     '1.0.3',
385 silly addNameRange     '1.0.4',
385 silly addNameRange     '1.0.5',
385 silly addNameRange     '1.0.6',
385 silly addNameRange     '1.0.7',
385 silly addNameRange     '1.0.8',
385 silly addNameRange     '1.0.10',
385 silly addNameRange     '1.0.11',
385 silly addNameRange     '1.0.12',
385 silly addNameRange     '1.0.13',
385 silly addNameRange     '1.0.14',
385 silly addNameRange     '1.0.15',
385 silly addNameRange     '1.0.16',
385 silly addNameRange     '1.1.0',
385 silly addNameRange     '1.1.1',
385 silly addNameRange     '1.1.2',
385 silly addNameRange     '1.1.3',
385 silly addNameRange     '1.1.4',
385 silly addNameRange     '1.1.5',
385 silly addNameRange     '1.1.6',
385 silly addNameRange     '1.1.7',
385 silly addNameRange     '1.1.8',
385 silly addNameRange     '1.1.9',
385 silly addNameRange     '1.1.10',
385 silly addNameRange     '1.1.11',
385 silly addNameRange     '1.1.12',
385 silly addNameRange     '1.1.13',
385 silly addNameRange     '1.1.14',
385 silly addNameRange     '1.1.15',
385 silly addNameRange     '1.1.16',
385 silly addNameRange     '1.1.17',
385 silly addNameRange     '1.1.18',
385 silly addNameRange     '1.1.19',
385 silly addNameRange     '1.1.20',
385 silly addNameRange     '1.1.21',
385 silly addNameRange     '1.1.22',
385 silly addNameRange     '1.1.23',
385 silly addNameRange     '1.1.24',
385 silly addNameRange     '1.1.25',
385 silly addNameRange     '1.2.0',
385 silly addNameRange     '1.3.0',
385 silly addNameRange     '1.3.1',
385 silly addNameRange     '1.3.2',
385 silly addNameRange     '1.3.3',
385 silly addNameRange     '1.3.4',
385 silly addNameRange     '1.3.5',
385 silly addNameRange     '1.3.6',
385 silly addNameRange     '1.3.7',
385 silly addNameRange     '1.4.0',
385 silly addNameRange     '1.5.0',
385 silly addNameRange     '1.6.0',
385 silly addNameRange     '1.7.2',
385 silly addNameRange     '1.7.3',
385 silly addNameRange     '1.7.4',
385 silly addNameRange     '1.8.0',
385 silly addNameRange     '1.8.1',
385 silly addNameRange     '1.8.2',
385 silly addNameRange     '1.8.3',
385 silly addNameRange     '1.8.4',
385 silly addNameRange     '2.0.0',
385 silly addNameRange     '2.0.1',
385 silly addNameRange     '2.0.2',
385 silly addNameRange     '2.0.3',
385 silly addNameRange     '2.0.4',
385 silly addNameRange     '2.1.0',
385 silly addNameRange     '2.1.1',
385 silly addNameRange     '2.1.2',
385 silly addNameRange     '2.1.3',
385 silly addNameRange     '2.1.4',
385 silly addNameRange     '2.2.0',
385 silly addNameRange     '2.2.1',
385 silly addNameRange     '2.2.2',
385 silly addNameRange     '2.2.3',
385 silly addNameRange     '2.2.4',
385 silly addNameRange     '2.3.0',
385 silly addNameRange     '2.3.1',
385 silly addNameRange     '2.3.2',
385 silly addNameRange     '2.3.3',
385 silly addNameRange     '2.3.4',
385 silly addNameRange     '2.3.5',
385 silly addNameRange     '2.3.6',
385 silly addNameRange     '2.3.7',
385 silly addNameRange     '2.3.8',
385 silly addNameRange     '2.3.9',
385 silly addNameRange     '2.3.10',
385 silly addNameRange     '2.3.11',
385 silly addNameRange     '2.3.12',
385 silly addNameRange     '2.3.13',
385 silly addNameRange     '2.4.0',
385 silly addNameRange     '2.4.1',
385 silly addNameRange     '2.4.2',
385 silly addNameRange     '2.4.3',
385 silly addNameRange     '2.4.4',
385 silly addNameRange     '2.4.5',
385 silly addNameRange     '2.4.6',
385 silly addNameRange     '2.4.7',
385 silly addNameRange     '2.4.8',
385 silly addNameRange     '2.4.9',
385 silly addNameRange     '2.4.10',
385 silly addNameRange     '2.5.0',
385 silly addNameRange     '2.5.1',
385 silly addNameRange     '2.5.2',
385 silly addNameRange     '2.5.3',
385 silly addNameRange     '2.5.4',
385 silly addNameRange     '2.5.5',
385 silly addNameRange     '2.5.6',
385 silly addNameRange     '2.5.7',
385 silly addNameRange     '2.5.8',
385 silly addNameRange     '2.5.9',
385 silly addNameRange     '2.5.10',
385 silly addNameRange     '2.5.11',
385 silly addNameRange     '2.5.12',
385 silly addNameRange     '2.5.13',
385 silly addNameRange     '2.5.14',
385 silly addNameRange     '2.6.0',
385 silly addNameRange     '2.6.1',
385 silly addNameRange     '2.6.2',
385 silly addNameRange     '2.6.3',
385 silly addNameRange     '2.6.4',
385 silly addNameRange     '2.6.5',
385 silly addNameRange     '2.6.6',
385 silly addNameRange     '2.6.7',
385 silly addNameRange     '2.6.8',
385 silly addNameRange     '2.7.0',
385 silly addNameRange     '2.7.1',
385 silly addNameRange     '2.7.2',
385 silly addNameRange     '2.7.4',
385 silly addNameRange     '2.7.3',
385 silly addNameRange     '3.0.0',
385 silly addNameRange     '3.0.1',
385 silly addNameRange     '3.0.2',
385 silly addNameRange     '2.8.0',
385 silly addNameRange     '3.0.3',
385 silly addNameRange     '3.1.0',
385 silly addNameRange     '2.8.1',
385 silly addNameRange     '3.1.1',
385 silly addNameRange     '2.8.2',
385 silly addNameRange     '2.8.3',
385 silly addNameRange     '2.9.0',
385 silly addNameRange     '3.2.0',
385 silly addNameRange     '2.9.1',
385 silly addNameRange     '3.2.1',
385 silly addNameRange     '2.9.2',
385 silly addNameRange     '3.2.2',
385 silly addNameRange     '3.3.0',
385 silly addNameRange     '3.3.1',
385 silly addNameRange     '2.9.3',
385 silly addNameRange     '3.4.0',
385 silly addNameRange     '2.9.4',
385 silly addNameRange     '2.9.5',
385 silly addNameRange     '3.5.0',
385 silly addNameRange     '3.5.1',
385 silly addNameRange     '3.5.2',
385 silly addNameRange     '3.5.3',
385 silly addNameRange     '2.9.6',
385 silly addNameRange     '2.9.7',
385 silly addNameRange     '3.5.4',
385 silly addNameRange     '3.5.5',
385 silly addNameRange     '2.9.8',
385 silly addNameRange     '2.9.9',
385 silly addNameRange     '3.5.6',
385 silly addNameRange     '3.5.7',
385 silly addNameRange     '3.5.8',
385 silly addNameRange     '2.9.10',
385 silly addNameRange     '3.5.9',
385 silly addNameRange     '3.6.2',
385 silly addNameRange     '3.5.10',
385 silly addNameRange     '3.6.3',
385 silly addNameRange     '3.5.11',
385 silly addNameRange     '3.6.4',
385 silly addNameRange     '3.6.5',
385 silly addNameRange     '3.6.6',
385 silly addNameRange     '3.6.7',
385 silly addNameRange     '3.5.12',
385 silly addNameRange     '3.6.8',
385 silly addNameRange     '3.6.9',
385 silly addNameRange     '3.6.10',
385 silly addNameRange     '3.5.13',
385 silly addNameRange     '3.5.14',
385 silly addNameRange     '3.6.11',
385 silly addNameRange     '3.6.12',
385 silly addNameRange     '3.6.13',
385 silly addNameRange     '3.6.14',
385 silly addNameRange     '3.6.15',
385 silly addNameRange     '3.5.15',
385 silly addNameRange     '3.7.0',
385 silly addNameRange     '3.6.16',
385 silly addNameRange     '3.5.16',
385 silly addNameRange     '3.6.17',
385 silly addNameRange     '3.7.2',
385 silly addNameRange     '3.0.0-alpha1',
385 silly addNameRange     '3.0.0-alpha2',
385 silly addNameRange     '3.0.0-rc0',
385 silly addNameRange     '3.6.0-rc0',
385 silly addNameRange     '3.6.0-rc1',
385 silly addNameRange     '3.6.18',
385 silly addNameRange     '3.7.3',
385 silly addNameRange     '3.6.19',
385 silly addNameRange     '3.6.20',
385 silly addNameRange     '3.7.4',
385 silly addNameRange     '3.8.0',
385 silly addNameRange     '3.8.1',
385 silly addNameRange     '3.8.2',
385 silly addNameRange     '3.8.3',
385 silly addNameRange     '3.8.4',
385 silly addNameRange     '3.8.5',
385 silly addNameRange     '3.8.6',
385 silly addNameRange     '3.8.7',
385 silly addNameRange     '3.8.8',
385 silly addNameRange     '3.8.9',
385 silly addNameRange     '3.8.10',
385 silly addNameRange     '3.8.11',
385 silly addNameRange     '3.9.0',
385 silly addNameRange     '3.8.12',
385 silly addNameRange     '3.8.13',
385 silly addNameRange     '3.8.14',
385 silly addNameRange     '3.8.15',
385 silly addNameRange     '3.9.1',
385 silly addNameRange     '3.8.16',
385 silly addNameRange     '3.9.2',
385 silly addNameRange     '3.8.17',
385 silly addNameRange     '3.9.3',
385 silly addNameRange     '3.8.18',
385 silly addNameRange     '3.9.4',
385 silly addNameRange     '3.8.19',
385 silly addNameRange     '3.9.5',
385 silly addNameRange     '3.8.20',
385 silly addNameRange     '3.9.6',
385 silly addNameRange     '3.8.21',
385 silly addNameRange     '3.9.7',
385 silly addNameRange     '3.8.22',
385 silly addNameRange     '4.0.0-rc0',
385 silly addNameRange     '4.0.0-rc1',
385 silly addNameRange     '3.8.23',
385 silly addNameRange     '4.0.0-rc2',
385 silly addNameRange     '3.8.24',
385 silly addNameRange     '4.0.0-rc3',
385 silly addNameRange     '3.8.25',
385 silly addNameRange     '4.0.0-rc4',
385 silly addNameRange     '4.0.0',
385 silly addNameRange     '4.0.1',
385 silly addNameRange     '3.8.26',
385 silly addNameRange     '3.8.27',
385 silly addNameRange     '4.0.2',
385 silly addNameRange     '3.8.28',
385 silly addNameRange     '4.0.3',
385 silly addNameRange     '3.8.29',
385 silly addNameRange     '4.0.4',
385 silly addNameRange     '3.8.30',
385 silly addNameRange     '4.0.5',
385 silly addNameRange     '3.8.31',
385 silly addNameRange     '4.0.6',
385 silly addNameRange     '3.8.33',
385 silly addNameRange     '4.0.7',
385 silly addNameRange     '3.8.34',
385 silly addNameRange     '4.0.8',
385 silly addNameRange     '4.1.0',
385 silly addNameRange     '4.1.1',
385 silly addNameRange     '4.1.2',
385 silly addNameRange     '3.8.35',
385 silly addNameRange     '4.1.3',
385 silly addNameRange     '4.1.5',
385 silly addNameRange     '4.1.6',
385 silly addNameRange     '4.1.7',
385 silly addNameRange     '4.1.8',
385 silly addNameRange     '4.1.9',
385 silly addNameRange     '4.1.10',
385 silly addNameRange     '4.1.11',
385 silly addNameRange     '3.8.36',
385 silly addNameRange     '4.1.12',
385 silly addNameRange     '4.2.0',
385 silly addNameRange     '4.2.1',
385 silly addNameRange     '4.2.2' ] ]
386 verbose addNamed [ 'mongoose', '3.6.20' ]
387 verbose addNamed [ '3.6.20', '3.6.20' ]
388 silly lockFile 9e27220e-mongoose-3-6-20 mongoose@3.6.20
389 verbose lock mongoose@3.6.20 /home/eygle/.npm/9e27220e-mongoose-3-6-20.lock
390 silly lockFile 8045d0d6-org-mongoose-mongoose-3-6-20-tgz https://registry.npmjs.org/mongoose/-/mongoose-3.6.20.tgz
391 verbose lock https://registry.npmjs.org/mongoose/-/mongoose-3.6.20.tgz /home/eygle/.npm/8045d0d6-org-mongoose-mongoose-3-6-20-tgz.lock
392 verbose addRemoteTarball [ 'https://registry.npmjs.org/mongoose/-/mongoose-3.6.20.tgz',
392 verbose addRemoteTarball   '47263843e6b812ea207eec104c40a36c8d215f53' ]
393 info retry fetch attempt 1 at 16:57:26
394 verbose fetch to= /tmp/npm-6517-GkSISTCy/registry.npmjs.org/mongoose/-/mongoose-3.6.20.tgz
395 http GET https://registry.npmjs.org/mongoose/-/mongoose-3.6.20.tgz
396 http 200 https://registry.npmjs.org/mongoose/-/mongoose-3.6.20.tgz
397 silly lockFile 8045d0d6-org-mongoose-mongoose-3-6-20-tgz https://registry.npmjs.org/mongoose/-/mongoose-3.6.20.tgz
398 silly lockFile 8045d0d6-org-mongoose-mongoose-3-6-20-tgz https://registry.npmjs.org/mongoose/-/mongoose-3.6.20.tgz
399 silly lockFile 9e27220e-mongoose-3-6-20 mongoose@3.6.20
400 silly lockFile 9e27220e-mongoose-3-6-20 mongoose@3.6.20
401 silly lockFile 146b604b-mongoose-3-6-13 mongoose@~3.6.13
402 silly lockFile 146b604b-mongoose-3-6-13 mongoose@~3.6.13
403 silly lockFile db7b6862--protractor-protractor-2-5-1-tgz https://registry.npmjs.org/protractor/-/protractor-2.5.1.tgz
404 silly lockFile db7b6862--protractor-protractor-2-5-1-tgz https://registry.npmjs.org/protractor/-/protractor-2.5.1.tgz
405 silly lockFile 94fdc057-protractor-2-5-1 protractor@2.5.1
406 silly lockFile 94fdc057-protractor-2-5-1 protractor@2.5.1
407 silly lockFile 1d3f6f46-protractor-2-1-0 protractor@^2.1.0
408 silly lockFile 1d3f6f46-protractor-2-1-0 protractor@^2.1.0
409 silly lockFile 7ae313f5--npmjs-org-bower-bower-1-6-5-tgz https://registry.npmjs.org/bower/-/bower-1.6.5.tgz
410 silly lockFile 7ae313f5--npmjs-org-bower-bower-1-6-5-tgz https://registry.npmjs.org/bower/-/bower-1.6.5.tgz
411 silly lockFile ffc9c2be-bower-1-6-5 bower@1.6.5
412 silly lockFile ffc9c2be-bower-1-6-5 bower@1.6.5
413 silly lockFile 7c83895e-bower-1-3-1 bower@^1.3.1
414 silly lockFile 7c83895e-bower-1-3-1 bower@^1.3.1
415 http 200 https://registry.npmjs.org/karma
416 silly registry.get cb [ 200,
416 silly registry.get   { server: 'CouchDB/1.5.0 (Erlang OTP/R16B03)',
416 silly registry.get     etag: '"81CXWKP6Z41TOLDI53ECYZE5N"',
416 silly registry.get     'content-type': 'application/json',
416 silly registry.get     'cache-control': 'max-age=60',
416 silly registry.get     'content-length': '1085407',
416 silly registry.get     'accept-ranges': 'bytes',
416 silly registry.get     date: 'Mon, 26 Oct 2015 15:57:24 GMT',
416 silly registry.get     via: '1.1 varnish',
416 silly registry.get     age: '31',
416 silly registry.get     connection: 'keep-alive',
416 silly registry.get     'x-served-by': 'cache-fra1220-FRA',
416 silly registry.get     'x-cache': 'HIT',
416 silly registry.get     'x-cache-hits': '2',
416 silly registry.get     'x-timer': 'S1445875044.314821,VS0,VE0',
416 silly registry.get     vary: 'Accept' } ]
417 silly addNameRange number 2 { name: 'karma', range: '>=0.12.16-0 <0.13.0-0', hasData: true }
418 silly addNameRange versions [ 'karma',
418 silly addNameRange   [ '0.8.0',
418 silly addNameRange     '0.9.0-dart',
418 silly addNameRange     '0.8.1',
418 silly addNameRange     '0.8.2',
418 silly addNameRange     '0.8.3',
418 silly addNameRange     '0.9.0',
418 silly addNameRange     '0.8.4',
418 silly addNameRange     '0.9.1',
418 silly addNameRange     '0.8.5',
418 silly addNameRange     '0.9.2',
418 silly addNameRange     '0.9.2-dart',
418 silly addNameRange     '0.9.3',
418 silly addNameRange     '0.8.6',
418 silly addNameRange     '0.9.4',
418 silly addNameRange     '0.8.7',
418 silly addNameRange     '0.9.5',
418 silly addNameRange     '0.9.6',
418 silly addNameRange     '0.8.8',
418 silly addNameRange     '0.9.7',
418 silly addNameRange     '0.9.8',
418 silly addNameRange     '0.10.0',
418 silly addNameRange     '0.10.1',
418 silly addNameRange     '0.10.2',
418 silly addNameRange     '0.11.0',
418 silly addNameRange     '0.11.1',
418 silly addNameRange     '0.10.3',
418 silly addNameRange     '0.10.4',
418 silly addNameRange     '0.11.2',
418 silly addNameRange     '0.11.3',
418 silly addNameRange     '0.10.5',
418 silly addNameRange     '0.11.4',
418 silly addNameRange     '0.11.5',
418 silly addNameRange     '0.10.6',
418 silly addNameRange     '0.11.6',
418 silly addNameRange     '0.10.7',
418 silly addNameRange     '0.11.7',
418 silly addNameRange     '0.11.8',
418 silly addNameRange     '0.11.9',
418 silly addNameRange     '0.10.8',
418 silly addNameRange     '0.11.10',
418 silly addNameRange     '0.11.11',
418 silly addNameRange     '0.11.12',
418 silly addNameRange     '0.11.11-dev',
418 silly addNameRange     '0.10.9',
418 silly addNameRange     '0.11.12-dev',
418 silly addNameRange     '0.11.12-dev2',
418 silly addNameRange     '0.11.13',
418 silly addNameRange     '0.11.14',
418 silly addNameRange     '0.12.0',
418 silly addNameRange     '0.10.10',
418 silly addNameRange     '0.12.1',
418 silly addNameRange     '0.12.2',
418 silly addNameRange     '0.12.3',
418 silly addNameRange     '0.12.4',
418 silly addNameRange     '0.12.5',
418 silly addNameRange     '0.12.6',
418 silly addNameRange     '0.12.6-beta-43e6e28',
418 silly addNameRange     '0.12.7',
418 silly addNameRange     '0.12.8',
418 silly addNameRange     '0.12.9',
418 silly addNameRange     '0.12.10',
418 silly addNameRange     '0.12.11',
418 silly addNameRange     '0.12.12',
418 silly addNameRange     '0.12.11-beta-3029418',
418 silly addNameRange     '0.12.13',
418 silly addNameRange     '0.12.14',
418 silly addNameRange     '0.12.15',
418 silly addNameRange     '0.12.16',
418 silly addNameRange     '0.12.16-beta-905422d',
418 silly addNameRange     '0.12.17',
418 silly addNameRange     '0.12.18',
418 silly addNameRange     '0.12.19',
418 silly addNameRange     '0.12.20',
418 silly addNameRange     '0.12.21',
418 silly addNameRange     '0.12.22',
418 silly addNameRange     '0.12.23',
418 silly addNameRange     '0.12.24',
418 silly addNameRange     '0.12.24-beta-6cf7955',
418 silly addNameRange     '0.12.25',
418 silly addNameRange     '0.12.25-beta-37a7958',
418 silly addNameRange     '0.12.25-beta-ad5bc24',
418 silly addNameRange     '0.12.26',
418 silly addNameRange     '0.12.27',
418 silly addNameRange     '0.12.28',
418 silly addNameRange     '0.12.28-beta-b9be580',
418 silly addNameRange     '0.12.29',
418 silly addNameRange     '0.12.30',
418 silly addNameRange     '0.12.31',
418 silly addNameRange     '0.12.28-beta-f65c864',
418 silly addNameRange     '0.12.24-dev-test',
418 silly addNameRange     '0.12.24-dev-socketio10',
418 silly addNameRange     '0.12.24-dev-socketio10-2',
418 silly addNameRange     '0.12.32-beta.0',
418 silly addNameRange     '0.12.32',
418 silly addNameRange     '0.13.0-rc.0',
418 silly addNameRange     '0.12.33',
418 silly addNameRange     '0.13.0-rc.1',
418 silly addNameRange     '0.12.34',
418 silly addNameRange     '0.13.0-rc.2',
418 silly addNameRange     '0.12.35',
418 silly addNameRange     '0.13.0-rc.3',
418 silly addNameRange     '0.12.36',
418 silly addNameRange     '0.13.0-rc.4',
418 silly addNameRange     '0.12.37',
418 silly addNameRange     '0.13.0-rc.5',
418 silly addNameRange     '0.13.0-rc.6',
418 silly addNameRange     '0.13.0-rc.7',
418 silly addNameRange     '0.13.0-rc.8',
418 silly addNameRange     '0.13.0-rc.9',
418 silly addNameRange     '0.13.0',
418 silly addNameRange     '0.13.1',
418 silly addNameRange     '0.13.2',
418 silly addNameRange     '0.13.3',
418 silly addNameRange     '0.13.4',
418 silly addNameRange     '0.13.5',
418 silly addNameRange     '0.13.6',
418 silly addNameRange     '0.13.7',
418 silly addNameRange     '0.13.8',
418 silly addNameRange     '0.13.9',
418 silly addNameRange     '0.13.10',
418 silly addNameRange     '0.13.11',
418 silly addNameRange     '0.13.12',
418 silly addNameRange     '0.13.13',
418 silly addNameRange     '0.13.14' ] ]
419 verbose addNamed [ 'karma', '0.12.37' ]
420 verbose addNamed [ '0.12.37', '0.12.37' ]
421 silly lockFile 43ccbf2f-karma-0-12-37 karma@0.12.37
422 verbose lock karma@0.12.37 /home/eygle/.npm/43ccbf2f-karma-0-12-37.lock
423 silly lockFile 43ccbf2f-karma-0-12-37 karma@0.12.37
424 silly lockFile 43ccbf2f-karma-0-12-37 karma@0.12.37
425 silly lockFile 544376fe-karma-0-12-16 karma@^0.12.16
426 silly lockFile 544376fe-karma-0-12-16 karma@^0.12.16
427 error Error: EACCES, mkdir '/home/eygle/.npm/express/4.0.0'
427 error  { [Error: EACCES, mkdir '/home/eygle/.npm/express/4.0.0']
427 error   errno: 3,
427 error   code: 'EACCES',
427 error   path: '/home/eygle/.npm/express/4.0.0',
427 error   parent: 'ineedu' }
428 error Please try running this command again as root/Administrator.
429 error System Linux 3.13.0-37-generic
430 error command "/usr/bin/node" "/usr/bin/npm" "install"
431 error cwd /home/eygle/workspace/INeedU/web
432 error node -v v0.10.37
433 error npm -v 1.4.28
434 error path /home/eygle/.npm/express/4.0.0
435 error code EACCES
436 error errno 3
437 error stack Error: EACCES, mkdir '/home/eygle/.npm/express/4.0.0'
438 verbose exit [ 3, true ]
